BLASTP 2.2.29+


Reference: Stephen F. Altschul, Thomas L. Madden, Alejandro A.
Schaffer, Jinghui Zhang, Zheng Zhang, Webb Miller, and David J.
Lipman (1997), "Gapped BLAST and PSI-BLAST: a new generation of
protein database search programs", Nucleic Acids Res. 25:3389-3402.


Reference for composition-based statistics: Alejandro A. Schaffer,
L. Aravind, Thomas L. Madden, Sergei Shavirin, John L. Spouge, Yuri
I. Wolf, Eugene V. Koonin, and Stephen F. Altschul (2001),
"Improving the accuracy of PSI-BLAST protein database searches with
composition-based statistics and other refinements", Nucleic Acids
Res. 29:2994-3005.



Database: native.fasta
           1 sequences; 56 total letters



Query= 1BM2 native

Length=98
                                                                      Score     E
Sequences producing significant alignments:                          (Bits)  Value

  1ABO native                                                         15.4    0.059


> 1ABO native
Length=56

 Score = 15.4 bits (28),  Expect = 0.059, Method: Compositional matrix adjust.
 Identities = 6/12 (50%), Positives = 8/12 (67%), Gaps = 0/12 (0%)

Query  37  APGDFSLSVKFG  48
           A GD +LS+  G
Sbjct  11  ASGDNTLSITKG  22



Lambda      K        H        a         alpha
   0.322    0.138    0.420    0.792     4.96 

Gapped
Lambda      K        H        a         alpha    sigma
   0.267   0.0410    0.140     1.90     42.6     43.6 

Effective search space used: 4459


  Database: native.fasta
    Posted date:  Feb 25, 2016  4:19 PM
  Number of letters in database: 56
  Number of sequences in database:  1



Matrix: BLOSUM62
Gap Penalties: Existence: 11, Extension: 1
Neighboring words threshold: 11
Window for multiple hits: 40
