\BOOKMARK [0][-]{cover.0}{Couverture}{}% 1
\BOOKMARK [0][-]{acknowledgements.0}{Remerciements}{}% 2
\BOOKMARK [0][-]{dedication.0}{D\351dicace}{}% 3
\BOOKMARK [0][-]{contents.0}{Table des mati\350res}{}% 4
\BOOKMARK [0][-]{section*.3}{Liste des figures}{}% 5
\BOOKMARK [0][-]{section*.5}{Liste des tables}{}% 6
\BOOKMARK [0][-]{chapter*.7}{Abreviations}{}% 7
\BOOKMARK [0][-]{chapter*.8}{Introduction}{}% 8
\BOOKMARK [0][-]{chapter.1}{CPD}{}% 9
\BOOKMARK [0][-]{chapter.2}{proteus}{}% 10
\BOOKMARK [0][-]{chapter.3}{Comparaisons d'algorithmes}{}% 11
\BOOKMARK [1][-]{section.3.1}{Les m\351thodes pratiques}{chapter.3}% 12
\BOOKMARK [2][-]{subsection.3.1.1}{les prot\351ines}{section.3.1}% 13
\BOOKMARK [3][-]{figure.caption.15}{Alignements Blast crois\351s}{subsection.3.1.1}% 14
\BOOKMARK [2][-]{subsection.3.1.2}{Description des tests}{section.3.1}% 15
\BOOKMARK [3][-]{section*.16}{Ensemble \253Tout actif\273}{subsection.3.1.2}% 16
\BOOKMARK [4][-]{section*.17}{L'ensemble \253nombre d'actifs limit\351\273}{section*.16}% 17
\BOOKMARK [4][-]{section*.18}{le choix des positions actives}{section*.16}% 18
\BOOKMARK [4][-]{section*.19}{positions en interactions}{section*.16}% 19
\BOOKMARK [4][-]{section*.20}{choix des positions actives}{section*.16}% 20
\BOOKMARK [2][-]{subsection.3.1.3}{D\351finition de protocole comparable}{section.3.1}% 21
\BOOKMARK [3][-]{section*.21}{Protocole heuristique}{subsection.3.1.3}% 22
\BOOKMARK [4][-]{section*.23}{Protocoles Monte-Carlo}{section*.21}% 23
\BOOKMARK [4][-]{section*.24}{Seconde version de proteus}{section*.21}% 24
\BOOKMARK [4][-]{section*.26}{Protocoles "Replica Exchange"}{section*.21}% 25
\BOOKMARK [4][-]{section*.28}{Protocoles Toulbar2}{section*.21}% 26
\BOOKMARK [2][-]{subsection.3.1.4}{Outils d'analyse des donn\351es}{section.3.1}% 27
\BOOKMARK [3][-]{section*.29}{Superfamily/SCOP}{subsection.3.1.4}% 28
\BOOKMARK [4][-]{section*.30}{Taux d'identit\351 de s\351quences}{section*.29}% 29
\BOOKMARK [4][-]{section*.31}{Taux d'identit\351 par position}{section*.29}% 30
\BOOKMARK [4][-]{section*.32}{Alignements Pfam}{section*.29}% 31
\BOOKMARK [4][-]{section*.33}{Score BLOSUM}{section*.29}% 32
\BOOKMARK [4][-]{section*.34}{similarit\351 d'un ensemble \340 une famille Pfam}{section*.29}% 33
\BOOKMARK [4][-]{section*.35}{R\351partition de l'\351nergie selon les centiles }{section*.29}% 34
\BOOKMARK [0][-]{chapter.4}{PDZ}{}% 35
\BOOKMARK [1][-]{section.4.1}{Introduction}{chapter.4}% 36
\BOOKMARK [2][-]{section*.36}{}{section.4.1}% 37
\BOOKMARK [3][-]{section*.37}{La fonction Rosetta}{section*.36}% 38
\BOOKMARK [2][-]{subsection.4.1.1}{Description}{section.4.1}% 39
\BOOKMARK [1][-]{section.4.2}{Le mod\350le d'\351tat d\351pli\351}{chapter.4}% 40
\BOOKMARK [2][-]{subsection.4.2.1}{Le maximum de vraisemblance des \351nergies de r\351f\351rence}{section.4.2}% 41
\BOOKMARK [3][-]{section*.38}{}{subsection.4.2.1}% 42
\BOOKMARK [2][-]{subsection.4.2.2}{Recherche du maximum de vraisemblance}{section.4.2}% 43
\BOOKMARK [1][-]{section.4.3}{M\351thodes de calcul}{chapter.4}% 44
\BOOKMARK [2][-]{subsection.4.3.1}{Fonction \351nerg\351tique efficace pour l'\351tat repli\351}{section.4.3}% 45
\BOOKMARK [2][-]{subsection.4.3.2}{Les \351nergies de r\351f\351rence de l'\351tat d\351pli\351}{section.4.3}% 46
\BOOKMARK [1][-]{section.4.4}{S\351quences exp\351rimentales et mod\350les structurels}{chapter.4}% 47
\BOOKMARK [1][-]{section.4.5}{L'ensemble des prot\351ines PDZ}{chapter.4}% 48
\BOOKMARK [2][-]{section*.41}{Alignements Blast crois\351s}{section.4.5}% 49
\BOOKMARK [3][-]{section*.43}{similarit\351 des homologues}{section*.41}% 50
\BOOKMARK [0][-]{chapter*.45}{Conclusion}{}% 51
\BOOKMARK [0][-]{section*.51}{Bibliographie}{}% 52
\BOOKMARK [0][-]{resume.0}{Resume}{}% 53
\BOOKMARK [0][-]{abstract.0}{Abstract}{}% 54
