This is pdfTeX, Version 3.14159265-2.6-1.40.17 (TeX Live 2016/Debian) (preloaded format=pdflatex 2017.4.3)  1 JUN 2017 12:55
entering extended mode
 restricted \write18 enabled.
 %&-line parsing enabled.
**\nonstopmode\input these.tex
(./these.tex (/usr/share/texlive/texmf-dist/tex/latex/base/book.cls
Document Class: book 2014/09/29 v1.4h Standard LaTeX document class
(/usr/share/texlive/texmf-dist/tex/latex/base/bk12.clo
File: bk12.clo 2014/09/29 v1.4h Standard LaTeX file (size option)
)
\c@part=\count79
\c@chapter=\count80
\c@section=\count81
\c@subsection=\count82
\c@subsubsection=\count83
\c@paragraph=\count84
\c@subparagraph=\count85
\c@figure=\count86
\c@table=\count87
\abovecaptionskip=\skip41
\belowcaptionskip=\skip42
\bibindent=\dimen102
)
(/usr/share/texlive/texmf-dist/tex/latex/geometry/geometry.sty
Package: geometry 2010/09/12 v5.6 Page Geometry

(/usr/share/texlive/texmf-dist/tex/latex/graphics/keyval.sty
Package: keyval 2014/10/28 v1.15 key=value parser (DPC)
\KV@toks@=\toks14
)
(/usr/share/texlive/texmf-dist/tex/generic/oberdiek/ifpdf.sty
Package: ifpdf 2016/05/14 v3.1 Provides the ifpdf switch
)
(/usr/share/texlive/texmf-dist/tex/generic/oberdiek/ifvtex.sty
Package: ifvtex 2016/05/16 v1.6 Detect VTeX and its facilities (HO)
Package ifvtex Info: VTeX not detected.
)
(/usr/share/texlive/texmf-dist/tex/generic/ifxetex/ifxetex.sty
Package: ifxetex 2010/09/12 v0.6 Provides ifxetex conditional
)
\Gm@cnth=\count88
\Gm@cntv=\count89
\c@Gm@tempcnt=\count90
\Gm@bindingoffset=\dimen103
\Gm@wd@mp=\dimen104
\Gm@odd@mp=\dimen105
\Gm@even@mp=\dimen106
\Gm@layoutwidth=\dimen107
\Gm@layoutheight=\dimen108
\Gm@layouthoffset=\dimen109
\Gm@layoutvoffset=\dimen110
\Gm@dimlist=\toks15
)
(/usr/share/texlive/texmf-dist/tex/latex/base/inputenc.sty
Package: inputenc 2015/03/17 v1.2c Input encoding file
\inpenc@prehook=\toks16
\inpenc@posthook=\toks17

(/usr/share/texlive/texmf-dist/tex/latex/base/utf8.def
File: utf8.def 2017/01/28 v1.1t UTF-8 support for inputenc
Now handling font encoding OML ...
... no UTF-8 mapping file for font encoding OML
Now handling font encoding T1 ...
... processing UTF-8 mapping file for font encoding T1

(/usr/share/texlive/texmf-dist/tex/latex/base/t1enc.dfu
File: t1enc.dfu 2017/01/28 v1.1t UTF-8 support for inputenc
   defining Unicode char U+00A0 (decimal 160)
   defining Unicode char U+00A1 (decimal 161)
   defining Unicode char U+00A3 (decimal 163)
   defining Unicode char U+00AB (decimal 171)
   defining Unicode char U+00AD (decimal 173)
   defining Unicode char U+00BB (decimal 187)
   defining Unicode char U+00BF (decimal 191)
   defining Unicode char U+00C0 (decimal 192)
   defining Unicode char U+00C1 (decimal 193)
   defining Unicode char U+00C2 (decimal 194)
   defining Unicode char U+00C3 (decimal 195)
   defining Unicode char U+00C4 (decimal 196)
   defining Unicode char U+00C5 (decimal 197)
   defining Unicode char U+00C6 (decimal 198)
   defining Unicode char U+00C7 (decimal 199)
   defining Unicode char U+00C8 (decimal 200)
   defining Unicode char U+00C9 (decimal 201)
   defining Unicode char U+00CA (decimal 202)
   defining Unicode char U+00CB (decimal 203)
   defining Unicode char U+00CC (decimal 204)
   defining Unicode char U+00CD (decimal 205)
   defining Unicode char U+00CE (decimal 206)
   defining Unicode char U+00CF (decimal 207)
   defining Unicode char U+00D0 (decimal 208)
   defining Unicode char U+00D1 (decimal 209)
   defining Unicode char U+00D2 (decimal 210)
   defining Unicode char U+00D3 (decimal 211)
   defining Unicode char U+00D4 (decimal 212)
   defining Unicode char U+00D5 (decimal 213)
   defining Unicode char U+00D6 (decimal 214)
   defining Unicode char U+00D8 (decimal 216)
   defining Unicode char U+00D9 (decimal 217)
   defining Unicode char U+00DA (decimal 218)
   defining Unicode char U+00DB (decimal 219)
   defining Unicode char U+00DC (decimal 220)
   defining Unicode char U+00DD (decimal 221)
   defining Unicode char U+00DE (decimal 222)
   defining Unicode char U+00DF (decimal 223)
   defining Unicode char U+00E0 (decimal 224)
   defining Unicode char U+00E1 (decimal 225)
   defining Unicode char U+00E2 (decimal 226)
   defining Unicode char U+00E3 (decimal 227)
   defining Unicode char U+00E4 (decimal 228)
   defining Unicode char U+00E5 (decimal 229)
   defining Unicode char U+00E6 (decimal 230)
   defining Unicode char U+00E7 (decimal 231)
   defining Unicode char U+00E8 (decimal 232)
   defining Unicode char U+00E9 (decimal 233)
   defining Unicode char U+00EA (decimal 234)
   defining Unicode char U+00EB (decimal 235)
   defining Unicode char U+00EC (decimal 236)
   defining Unicode char U+00ED (decimal 237)
   defining Unicode char U+00EE (decimal 238)
   defining Unicode char U+00EF (decimal 239)
   defining Unicode char U+00F0 (decimal 240)
   defining Unicode char U+00F1 (decimal 241)
   defining Unicode char U+00F2 (decimal 242)
   defining Unicode char U+00F3 (decimal 243)
   defining Unicode char U+00F4 (decimal 244)
   defining Unicode char U+00F5 (decimal 245)
   defining Unicode char U+00F6 (decimal 246)
   defining Unicode char U+00F8 (decimal 248)
   defining Unicode char U+00F9 (decimal 249)
   defining Unicode char U+00FA (decimal 250)
   defining Unicode char U+00FB (decimal 251)
   defining Unicode char U+00FC (decimal 252)
   defining Unicode char U+00FD (decimal 253)
   defining Unicode char U+00FE (decimal 254)
   defining Unicode char U+00FF (decimal 255)
   defining Unicode char U+0100 (decimal 256)
   defining Unicode char U+0101 (decimal 257)
   defining Unicode char U+0102 (decimal 258)
   defining Unicode char U+0103 (decimal 259)
   defining Unicode char U+0104 (decimal 260)
   defining Unicode char U+0105 (decimal 261)
   defining Unicode char U+0106 (decimal 262)
   defining Unicode char U+0107 (decimal 263)
   defining Unicode char U+0108 (decimal 264)
   defining Unicode char U+0109 (decimal 265)
   defining Unicode char U+010A (decimal 266)
   defining Unicode char U+010B (decimal 267)
   defining Unicode char U+010C (decimal 268)
   defining Unicode char U+010D (decimal 269)
   defining Unicode char U+010E (decimal 270)
   defining Unicode char U+010F (decimal 271)
   defining Unicode char U+0110 (decimal 272)
   defining Unicode char U+0111 (decimal 273)
   defining Unicode char U+0112 (decimal 274)
   defining Unicode char U+0113 (decimal 275)
   defining Unicode char U+0114 (decimal 276)
   defining Unicode char U+0115 (decimal 277)
   defining Unicode char U+0116 (decimal 278)
   defining Unicode char U+0117 (decimal 279)
   defining Unicode char U+0118 (decimal 280)
   defining Unicode char U+0119 (decimal 281)
   defining Unicode char U+011A (decimal 282)
   defining Unicode char U+011B (decimal 283)
   defining Unicode char U+011C (decimal 284)
   defining Unicode char U+011D (decimal 285)
   defining Unicode char U+011E (decimal 286)
   defining Unicode char U+011F (decimal 287)
   defining Unicode char U+0120 (decimal 288)
   defining Unicode char U+0121 (decimal 289)
   defining Unicode char U+0122 (decimal 290)
   defining Unicode char U+0123 (decimal 291)
   defining Unicode char U+0124 (decimal 292)
   defining Unicode char U+0125 (decimal 293)
   defining Unicode char U+0128 (decimal 296)
   defining Unicode char U+0129 (decimal 297)
   defining Unicode char U+012A (decimal 298)
   defining Unicode char U+012B (decimal 299)
   defining Unicode char U+012C (decimal 300)
   defining Unicode char U+012D (decimal 301)
   defining Unicode char U+012E (decimal 302)
   defining Unicode char U+012F (decimal 303)
   defining Unicode char U+0130 (decimal 304)
   defining Unicode char U+0131 (decimal 305)
   defining Unicode char U+0132 (decimal 306)
   defining Unicode char U+0133 (decimal 307)
   defining Unicode char U+0134 (decimal 308)
   defining Unicode char U+0135 (decimal 309)
   defining Unicode char U+0136 (decimal 310)
   defining Unicode char U+0137 (decimal 311)
   defining Unicode char U+0139 (decimal 313)
   defining Unicode char U+013A (decimal 314)
   defining Unicode char U+013B (decimal 315)
   defining Unicode char U+013C (decimal 316)
   defining Unicode char U+013D (decimal 317)
   defining Unicode char U+013E (decimal 318)
   defining Unicode char U+0141 (decimal 321)
   defining Unicode char U+0142 (decimal 322)
   defining Unicode char U+0143 (decimal 323)
   defining Unicode char U+0144 (decimal 324)
   defining Unicode char U+0145 (decimal 325)
   defining Unicode char U+0146 (decimal 326)
   defining Unicode char U+0147 (decimal 327)
   defining Unicode char U+0148 (decimal 328)
   defining Unicode char U+014A (decimal 330)
   defining Unicode char U+014B (decimal 331)
   defining Unicode char U+014C (decimal 332)
   defining Unicode char U+014D (decimal 333)
   defining Unicode char U+014E (decimal 334)
   defining Unicode char U+014F (decimal 335)
   defining Unicode char U+0150 (decimal 336)
   defining Unicode char U+0151 (decimal 337)
   defining Unicode char U+0152 (decimal 338)
   defining Unicode char U+0153 (decimal 339)
   defining Unicode char U+0154 (decimal 340)
   defining Unicode char U+0155 (decimal 341)
   defining Unicode char U+0156 (decimal 342)
   defining Unicode char U+0157 (decimal 343)
   defining Unicode char U+0158 (decimal 344)
   defining Unicode char U+0159 (decimal 345)
   defining Unicode char U+015A (decimal 346)
   defining Unicode char U+015B (decimal 347)
   defining Unicode char U+015C (decimal 348)
   defining Unicode char U+015D (decimal 349)
   defining Unicode char U+015E (decimal 350)
   defining Unicode char U+015F (decimal 351)
   defining Unicode char U+0160 (decimal 352)
   defining Unicode char U+0161 (decimal 353)
   defining Unicode char U+0162 (decimal 354)
   defining Unicode char U+0163 (decimal 355)
   defining Unicode char U+0164 (decimal 356)
   defining Unicode char U+0165 (decimal 357)
   defining Unicode char U+0168 (decimal 360)
   defining Unicode char U+0169 (decimal 361)
   defining Unicode char U+016A (decimal 362)
   defining Unicode char U+016B (decimal 363)
   defining Unicode char U+016C (decimal 364)
   defining Unicode char U+016D (decimal 365)
   defining Unicode char U+016E (decimal 366)
   defining Unicode char U+016F (decimal 367)
   defining Unicode char U+0170 (decimal 368)
   defining Unicode char U+0171 (decimal 369)
   defining Unicode char U+0172 (decimal 370)
   defining Unicode char U+0173 (decimal 371)
   defining Unicode char U+0174 (decimal 372)
   defining Unicode char U+0175 (decimal 373)
   defining Unicode char U+0176 (decimal 374)
   defining Unicode char U+0177 (decimal 375)
   defining Unicode char U+0178 (decimal 376)
   defining Unicode char U+0179 (decimal 377)
   defining Unicode char U+017A (decimal 378)
   defining Unicode char U+017B (decimal 379)
   defining Unicode char U+017C (decimal 380)
   defining Unicode char U+017D (decimal 381)
   defining Unicode char U+017E (decimal 382)
   defining Unicode char U+01CD (decimal 461)
   defining Unicode char U+01CE (decimal 462)
   defining Unicode char U+01CF (decimal 463)
   defining Unicode char U+01D0 (decimal 464)
   defining Unicode char U+01D1 (decimal 465)
   defining Unicode char U+01D2 (decimal 466)
   defining Unicode char U+01D3 (decimal 467)
   defining Unicode char U+01D4 (decimal 468)
   defining Unicode char U+01E2 (decimal 482)
   defining Unicode char U+01E3 (decimal 483)
   defining Unicode char U+01E6 (decimal 486)
   defining Unicode char U+01E7 (decimal 487)
   defining Unicode char U+01E8 (decimal 488)
   defining Unicode char U+01E9 (decimal 489)
   defining Unicode char U+01EA (decimal 490)
   defining Unicode char U+01EB (decimal 491)
   defining Unicode char U+01F0 (decimal 496)
   defining Unicode char U+01F4 (decimal 500)
   defining Unicode char U+01F5 (decimal 501)
   defining Unicode char U+0218 (decimal 536)
   defining Unicode char U+0219 (decimal 537)
   defining Unicode char U+021A (decimal 538)
   defining Unicode char U+021B (decimal 539)
   defining Unicode char U+0232 (decimal 562)
   defining Unicode char U+0233 (decimal 563)
   defining Unicode char U+1E02 (decimal 7682)
   defining Unicode char U+1E03 (decimal 7683)
   defining Unicode char U+200C (decimal 8204)
   defining Unicode char U+2010 (decimal 8208)
   defining Unicode char U+2011 (decimal 8209)
   defining Unicode char U+2012 (decimal 8210)
   defining Unicode char U+2013 (decimal 8211)
   defining Unicode char U+2014 (decimal 8212)
   defining Unicode char U+2015 (decimal 8213)
   defining Unicode char U+2018 (decimal 8216)
   defining Unicode char U+2019 (decimal 8217)
   defining Unicode char U+201A (decimal 8218)
   defining Unicode char U+201C (decimal 8220)
   defining Unicode char U+201D (decimal 8221)
   defining Unicode char U+201E (decimal 8222)
   defining Unicode char U+2030 (decimal 8240)
   defining Unicode char U+2031 (decimal 8241)
   defining Unicode char U+2039 (decimal 8249)
   defining Unicode char U+203A (decimal 8250)
   defining Unicode char U+2423 (decimal 9251)
   defining Unicode char U+1E20 (decimal 7712)
   defining Unicode char U+1E21 (decimal 7713)
)
Now handling font encoding OT1 ...
... processing UTF-8 mapping file for font encoding OT1

(/usr/share/texlive/texmf-dist/tex/latex/base/ot1enc.dfu
File: ot1enc.dfu 2017/01/28 v1.1t UTF-8 support for inputenc
   defining Unicode char U+00A0 (decimal 160)
   defining Unicode char U+00A1 (decimal 161)
   defining Unicode char U+00A3 (decimal 163)
   defining Unicode char U+00AD (decimal 173)
   defining Unicode char U+00B8 (decimal 184)
   defining Unicode char U+00BF (decimal 191)
   defining Unicode char U+00C5 (decimal 197)
   defining Unicode char U+00C6 (decimal 198)
   defining Unicode char U+00D8 (decimal 216)
   defining Unicode char U+00DF (decimal 223)
   defining Unicode char U+00E6 (decimal 230)
   defining Unicode char U+00EC (decimal 236)
   defining Unicode char U+00ED (decimal 237)
   defining Unicode char U+00EE (decimal 238)
   defining Unicode char U+00EF (decimal 239)
   defining Unicode char U+00F8 (decimal 248)
   defining Unicode char U+0131 (decimal 305)
   defining Unicode char U+0141 (decimal 321)
   defining Unicode char U+0142 (decimal 322)
   defining Unicode char U+0152 (decimal 338)
   defining Unicode char U+0153 (decimal 339)
   defining Unicode char U+0174 (decimal 372)
   defining Unicode char U+0175 (decimal 373)
   defining Unicode char U+0176 (decimal 374)
   defining Unicode char U+0177 (decimal 375)
   defining Unicode char U+0218 (decimal 536)
   defining Unicode char U+0219 (decimal 537)
   defining Unicode char U+021A (decimal 538)
   defining Unicode char U+021B (decimal 539)
   defining Unicode char U+2013 (decimal 8211)
   defining Unicode char U+2014 (decimal 8212)
   defining Unicode char U+2018 (decimal 8216)
   defining Unicode char U+2019 (decimal 8217)
   defining Unicode char U+201C (decimal 8220)
   defining Unicode char U+201D (decimal 8221)
)
Now handling font encoding OMS ...
... processing UTF-8 mapping file for font encoding OMS

(/usr/share/texlive/texmf-dist/tex/latex/base/omsenc.dfu
File: omsenc.dfu 2017/01/28 v1.1t UTF-8 support for inputenc
   defining Unicode char U+00A7 (decimal 167)
   defining Unicode char U+00B6 (decimal 182)
   defining Unicode char U+00B7 (decimal 183)
   defining Unicode char U+2020 (decimal 8224)
   defining Unicode char U+2021 (decimal 8225)
   defining Unicode char U+2022 (decimal 8226)
)
Now handling font encoding OMX ...
... no UTF-8 mapping file for font encoding OMX
Now handling font encoding U ...
... no UTF-8 mapping file for font encoding U
   defining Unicode char U+00A9 (decimal 169)
   defining Unicode char U+00AA (decimal 170)
   defining Unicode char U+00AE (decimal 174)
   defining Unicode char U+00BA (decimal 186)
   defining Unicode char U+02C6 (decimal 710)
   defining Unicode char U+02DC (decimal 732)
   defining Unicode char U+200C (decimal 8204)
   defining Unicode char U+2026 (decimal 8230)
   defining Unicode char U+2122 (decimal 8482)
   defining Unicode char U+2423 (decimal 9251)
))
(/usr/share/texlive/texmf-dist/tex/latex/base/fontenc.sty
Package: fontenc 2017/02/22 v2.0g Standard LaTeX package

(/usr/share/texlive/texmf-dist/tex/latex/base/t1enc.def
File: t1enc.def 2017/02/22 v2.0g Standard LaTeX file
LaTeX Font Info:    Redeclaring font encoding T1 on input line 48.
))
(/usr/share/texmf/tex/latex/lm/lmodern.sty
Package: lmodern 2009/10/30 v1.6 Latin Modern Fonts
LaTeX Font Info:    Overwriting symbol font `operators' in version `normal'
(Font)                  OT1/cmr/m/n --> OT1/lmr/m/n on input line 22.
LaTeX Font Info:    Overwriting symbol font `letters' in version `normal'
(Font)                  OML/cmm/m/it --> OML/lmm/m/it on input line 23.
LaTeX Font Info:    Overwriting symbol font `symbols' in version `normal'
(Font)                  OMS/cmsy/m/n --> OMS/lmsy/m/n on input line 24.
LaTeX Font Info:    Overwriting symbol font `largesymbols' in version `normal'
(Font)                  OMX/cmex/m/n --> OMX/lmex/m/n on input line 25.
LaTeX Font Info:    Overwriting symbol font `operators' in version `bold'
(Font)                  OT1/cmr/bx/n --> OT1/lmr/bx/n on input line 26.
LaTeX Font Info:    Overwriting symbol font `letters' in version `bold'
(Font)                  OML/cmm/b/it --> OML/lmm/b/it on input line 27.
LaTeX Font Info:    Overwriting symbol font `symbols' in version `bold'
(Font)                  OMS/cmsy/b/n --> OMS/lmsy/b/n on input line 28.
LaTeX Font Info:    Overwriting symbol font `largesymbols' in version `bold'
(Font)                  OMX/cmex/m/n --> OMX/lmex/m/n on input line 29.
LaTeX Font Info:    Overwriting math alphabet `\mathbf' in version `normal'
(Font)                  OT1/cmr/bx/n --> OT1/lmr/bx/n on input line 31.
LaTeX Font Info:    Overwriting math alphabet `\mathsf' in version `normal'
(Font)                  OT1/cmss/m/n --> OT1/lmss/m/n on input line 32.
LaTeX Font Info:    Overwriting math alphabet `\mathit' in version `normal'
(Font)                  OT1/cmr/m/it --> OT1/lmr/m/it on input line 33.
LaTeX Font Info:    Overwriting math alphabet `\mathtt' in version `normal'
(Font)                  OT1/cmtt/m/n --> OT1/lmtt/m/n on input line 34.
LaTeX Font Info:    Overwriting math alphabet `\mathbf' in version `bold'
(Font)                  OT1/cmr/bx/n --> OT1/lmr/bx/n on input line 35.
LaTeX Font Info:    Overwriting math alphabet `\mathsf' in version `bold'
(Font)                  OT1/cmss/bx/n --> OT1/lmss/bx/n on input line 36.
LaTeX Font Info:    Overwriting math alphabet `\mathit' in version `bold'
(Font)                  OT1/cmr/bx/it --> OT1/lmr/bx/it on input line 37.
LaTeX Font Info:    Overwriting math alphabet `\mathtt' in version `bold'
(Font)                  OT1/cmtt/m/n --> OT1/lmtt/m/n on input line 38.
)
(/usr/share/texlive/texmf-dist/tex/latex/microtype/microtype.sty
Package: microtype 2016/05/14 v2.6a Micro-typographical refinements (RS)
\MT@toks=\toks18
\MT@count=\count91
LaTeX Info: Redefining \textls on input line 774.
\MT@outer@kern=\dimen111
LaTeX Info: Redefining \textmicrotypecontext on input line 1310.
\MT@listname@count=\count92

(/usr/share/texlive/texmf-dist/tex/latex/microtype/microtype-pdftex.def
File: microtype-pdftex.def 2016/05/14 v2.6a Definitions specific to pdftex (RS)

LaTeX Info: Redefining \lsstyle on input line 916.
LaTeX Info: Redefining \lslig on input line 916.
\MT@outer@space=\skip43
)
Package microtype Info: Loading configuration file microtype.cfg.

(/usr/share/texlive/texmf-dist/tex/latex/microtype/microtype.cfg
File: microtype.cfg 2016/05/14 v2.6a microtype main configuration file (RS)
))
(/usr/share/texlive/texmf-dist/tex/latex/natbib/natbib.sty
Package: natbib 2010/09/13 8.31b (PWD, AO)
\bibhang=\skip44
\bibsep=\skip45
LaTeX Info: Redefining \cite on input line 694.
\c@NAT@ctr=\count93
)
(/usr/share/texlive/texmf-dist/tex/generic/babel/babel.sty
Package: babel 2016/04/23 3.9r The Babel package

(/usr/share/texlive/texmf-dist/tex/generic/babel-english/english.ldf
Language: english 2012/08/20 v3.3p English support from the babel system

(/usr/share/texlive/texmf-dist/tex/generic/babel/babel.def
File: babel.def 2016/04/23 3.9r Babel common definitions
\babel@savecnt=\count94
\U@D=\dimen112
)
\l@canadian = a dialect from \language\l@american 
\l@australian = a dialect from \language\l@british 
\l@newzealand = a dialect from \language\l@british 
)
(/usr/share/texlive/texmf-dist/tex/generic/babel-french/frenchb.ldf
Language: frenchb 2017/01/15 v3.2f French support from the babel system
\l@acadian = a dialect from \language\l@french 
\l@canadien = a dialect from \language\l@french 
\FB@nonchar=\count95
\FBcolonskip=\skip46
\FBthinskip=\skip47
Package babel Info: Making : an active character on input line 365.
Package babel Info: Making ; an active character on input line 366.
Package babel Info: Making ! an active character on input line 367.
Package babel Info: Making ? an active character on input line 368.
\FBguillskip=\skip48
\FBguill@level=\count96
\FB@everypar=\toks19
\FB@Mht=\dimen113
\mc@charclass=\count97
\mc@charfam=\count98
\mc@charslot=\count99
\std@mcc=\count100
\dec@mcc=\count101
\listindentFB=\skip49
\descindentFB=\skip50
\labelwidthFB=\skip51
\leftmarginFB=\skip52
\parindentFFN=\dimen114
\FBfnindent=\skip53
))
(/usr/share/texlive/texmf-dist/tex/latex/carlisle/scalefnt.sty)
(/usr/share/texlive/texmf-dist/tex/latex/tools/calc.sty
Package: calc 2014/10/28 v4.3 Infix arithmetic (KKT,FJ)
\calc@Acount=\count102
\calc@Bcount=\count103
\calc@Adimen=\dimen115
\calc@Bdimen=\dimen116
\calc@Askip=\skip54
\calc@Bskip=\skip55
LaTeX Info: Redefining \setlength on input line 80.
LaTeX Info: Redefining \addtolength on input line 81.
\calc@Ccount=\count104
\calc@Cskip=\skip56
)
(/usr/share/texlive/texmf-dist/tex/latex/amsmath/amsmath.sty
Package: amsmath 2016/11/05 v2.16a AMS math features
\@mathmargin=\skip57

For additional information on amsmath, use the `?' option.
(/usr/share/texlive/texmf-dist/tex/latex/amsmath/amstext.sty
Package: amstext 2000/06/29 v2.01 AMS text

(/usr/share/texlive/texmf-dist/tex/latex/amsmath/amsgen.sty
File: amsgen.sty 1999/11/30 v2.0 generic functions
\@emptytoks=\toks20
\ex@=\dimen117
))
(/usr/share/texlive/texmf-dist/tex/latex/amsmath/amsbsy.sty
Package: amsbsy 1999/11/29 v1.2d Bold Symbols
\pmbraise@=\dimen118
)
(/usr/share/texlive/texmf-dist/tex/latex/amsmath/amsopn.sty
Package: amsopn 2016/03/08 v2.02 operator names
)
\inf@bad=\count105
LaTeX Info: Redefining \frac on input line 213.
\uproot@=\count106
\leftroot@=\count107
LaTeX Info: Redefining \overline on input line 375.
\classnum@=\count108
\DOTSCASE@=\count109
LaTeX Info: Redefining \ldots on input line 472.
LaTeX Info: Redefining \dots on input line 475.
LaTeX Info: Redefining \cdots on input line 596.
\Mathstrutbox@=\box26
\strutbox@=\box27
\big@size=\dimen119
LaTeX Font Info:    Redeclaring font encoding OML on input line 712.
LaTeX Font Info:    Redeclaring font encoding OMS on input line 713.
\macc@depth=\count110
\c@MaxMatrixCols=\count111
\dotsspace@=\muskip10
\c@parentequation=\count112
\dspbrk@lvl=\count113
\tag@help=\toks21
\row@=\count114
\column@=\count115
\maxfields@=\count116
\andhelp@=\toks22
\eqnshift@=\dimen120
\alignsep@=\dimen121
\tagshift@=\dimen122
\tagwidth@=\dimen123
\totwidth@=\dimen124
\lineht@=\dimen125
\@envbody=\toks23
\multlinegap=\skip58
\multlinetaggap=\skip59
\mathdisplay@stack=\toks24
LaTeX Info: Redefining \[ on input line 2817.
LaTeX Info: Redefining \] on input line 2818.
)
(/usr/share/texlive/texmf-dist/tex/latex/amsfonts/amsfonts.sty
Package: amsfonts 2013/01/14 v3.01 Basic AMSFonts support
\symAMSa=\mathgroup4
\symAMSb=\mathgroup5
LaTeX Font Info:    Overwriting math alphabet `\mathfrak' in version `bold'
(Font)                  U/euf/m/n --> U/euf/b/n on input line 106.
)
(/usr/share/texlive/texmf-dist/tex/latex/amsfonts/amssymb.sty
Package: amssymb 2013/01/14 v3.01 AMS font symbols
)
(/usr/share/texlive/texmf-dist/tex/latex/doublestroke/dsfont.sty
Package: dsfont 1995/08/01 v0.1 Double stroke roman fonts
)
(/usr/share/texlive/texmf-dist/tex/latex/graphics/graphicx.sty
Package: graphicx 2014/10/28 v1.0g Enhanced LaTeX Graphics (DPC,SPQR)

(/usr/share/texlive/texmf-dist/tex/latex/graphics/graphics.sty
Package: graphics 2016/10/09 v1.0u Standard LaTeX Graphics (DPC,SPQR)

(/usr/share/texlive/texmf-dist/tex/latex/graphics/trig.sty
Package: trig 2016/01/03 v1.10 sin cos tan (DPC)
)
(/usr/share/texlive/texmf-dist/tex/latex/graphics-cfg/graphics.cfg
File: graphics.cfg 2016/06/04 v1.11 sample graphics configuration
)
Package graphics Info: Driver file: pdftex.def on input line 99.

(/usr/share/texlive/texmf-dist/tex/latex/graphics-def/pdftex.def
File: pdftex.def 2017/01/12 v0.06k Graphics/color for pdfTeX

(/usr/share/texlive/texmf-dist/tex/generic/oberdiek/infwarerr.sty
Package: infwarerr 2016/05/16 v1.4 Providing info/warning/error messages (HO)
)
(/usr/share/texlive/texmf-dist/tex/generic/oberdiek/ltxcmds.sty
Package: ltxcmds 2016/05/16 v1.23 LaTeX kernel commands for general use (HO)
)
\Gread@gobject=\count117
))
\Gin@req@height=\dimen126
\Gin@req@width=\dimen127
)
(/usr/share/texlive/texmf-dist/tex/latex/caption/caption.sty
Package: caption 2016/02/21 v3.3-144 Customizing captions (AR)

(/usr/share/texlive/texmf-dist/tex/latex/caption/caption3.sty
Package: caption3 2016/05/22 v1.7-166 caption3 kernel (AR)
Package caption3 Info: TeX engine: e-TeX on input line 67.
\captionmargin=\dimen128
\captionmargin@=\dimen129
\captionwidth=\dimen130
\caption@tempdima=\dimen131
\caption@indent=\dimen132
\caption@parindent=\dimen133
\caption@hangindent=\dimen134
)
\c@ContinuedFloat=\count118
)
(/usr/share/texlive/texmf-dist/tex/latex/caption/subcaption.sty
Package: subcaption 2016/05/22 v1.1-161 Sub-captions (AR)
\c@subfigure=\count119
\c@subtable=\count120
)
(/usr/share/texlive/texmf-dist/tex/latex/graphics/color.sty
Package: color 2016/07/10 v1.1e Standard LaTeX Color (DPC)

(/usr/share/texlive/texmf-dist/tex/latex/graphics-cfg/color.cfg
File: color.cfg 2016/01/02 v1.6 sample color configuration
)
Package color Info: Driver file: pdftex.def on input line 147.
)
(/usr/share/texlive/texmf-dist/tex/latex/fancyhdr/fancyhdr.sty
Package: fancyhdr 2016/09/06 3.8 Extensive control of page headers and footers
\fancy@headwidth=\skip60
\f@ncyO@elh=\skip61
\f@ncyO@erh=\skip62
\f@ncyO@olh=\skip63
\f@ncyO@orh=\skip64
\f@ncyO@elf=\skip65
\f@ncyO@erf=\skip66
\f@ncyO@olf=\skip67
\f@ncyO@orf=\skip68
)
(/usr/share/texlive/texmf-dist/tex/latex/tools/indentfirst.sty
Package: indentfirst 1995/11/23 v1.03 Indent first paragraph (DPC)
)
(/usr/share/texlive/texmf-dist/tex/latex/setspace/setspace.sty
Package: setspace 2011/12/19 v6.7a set line spacing
)
(/usr/share/texlive/texmf-dist/tex/latex/float/float.sty
Package: float 2001/11/08 v1.3d Float enhancements (AL)
\c@float@type=\count121
\float@exts=\toks25
\float@box=\box28
\@float@everytoks=\toks26
\@floatcapt=\box29
)
(/usr/share/texlive/texmf-dist/tex/latex/booktabs/booktabs.sty
Package: booktabs 2016/04/27 v1.618033 publication quality tables
\heavyrulewidth=\dimen135
\lightrulewidth=\dimen136
\cmidrulewidth=\dimen137
\belowrulesep=\dimen138
\belowbottomsep=\dimen139
\aboverulesep=\dimen140
\abovetopsep=\dimen141
\cmidrulesep=\dimen142
\cmidrulekern=\dimen143
\defaultaddspace=\dimen144
\@cmidla=\count122
\@cmidlb=\count123
\@aboverulesep=\dimen145
\@belowrulesep=\dimen146
\@thisruleclass=\count124
\@lastruleclass=\count125
\@thisrulewidth=\dimen147
)
(/usr/share/texlive/texmf-dist/tex/latex/tools/array.sty
Package: array 2016/10/06 v2.4d Tabular extension package (FMi)
\col@sep=\dimen148
\extrarowheight=\dimen149
\NC@list=\toks27
\extratabsurround=\skip69
\backup@length=\skip70
)
(/usr/share/texlive/texmf-dist/tex/latex/multirow/multirow.sty
Package: multirow 2016/11/25 v2.2 Span multiple rows of a table
\multirow@colwidth=\skip71
\multirow@cntb=\count126
\multirow@dima=\skip72
\bigstrutjot=\dimen150
)
(/usr/share/texlive/texmf-dist/tex/latex/tools/multicol.sty
Package: multicol 2016/04/07 v1.8p multicolumn formatting (FMi)
\c@tracingmulticols=\count127
\mult@box=\box30
\multicol@leftmargin=\dimen151
\c@unbalance=\count128
\c@collectmore=\count129
\doublecol@number=\count130
\multicoltolerance=\count131
\multicolpretolerance=\count132
\full@width=\dimen152
\page@free=\dimen153
\premulticols=\dimen154
\postmulticols=\dimen155
\multicolsep=\skip73
\multicolbaselineskip=\skip74
\partial@page=\box31
\last@line=\box32
\maxbalancingoverflow=\dimen156
\mult@rightbox=\box33
\mult@grightbox=\box34
\mult@gfirstbox=\box35
\mult@firstbox=\box36
\@tempa=\box37
\@tempa=\box38
\@tempa=\box39
\@tempa=\box40
\@tempa=\box41
\@tempa=\box42
\@tempa=\box43
\@tempa=\box44
\@tempa=\box45
\@tempa=\box46
\@tempa=\box47
\@tempa=\box48
\@tempa=\box49
\@tempa=\box50
\@tempa=\box51
\@tempa=\box52
\@tempa=\box53
\c@columnbadness=\count133
\c@finalcolumnbadness=\count134
\last@try=\dimen157
\multicolovershoot=\dimen158
\multicolundershoot=\dimen159
\mult@nat@firstbox=\box54
\colbreak@box=\box55
\mc@col@check@num=\count135
)
(/usr/share/texlive/texmf-dist/tex/latex/graphics/lscape.sty
Package: lscape 2000/10/22 v3.01 Landscape Pages (DPC)
)
(/usr/share/texlive/texmf-dist/tex/latex/tools/xspace.sty
Package: xspace 2014/10/28 v1.13 Space after command names (DPC,MH)
)
(/usr/share/texlive/texmf-dist/tex/latex/hyperref/hyperref.sty
Package: hyperref 2016/06/24 v6.83q Hypertext links for LaTeX

(/usr/share/texlive/texmf-dist/tex/generic/oberdiek/hobsub-hyperref.sty
Package: hobsub-hyperref 2016/05/16 v1.14 Bundle oberdiek, subset hyperref (HO)


(/usr/share/texlive/texmf-dist/tex/generic/oberdiek/hobsub-generic.sty
Package: hobsub-generic 2016/05/16 v1.14 Bundle oberdiek, subset generic (HO)
Package: hobsub 2016/05/16 v1.14 Construct package bundles (HO)
Package hobsub Info: Skipping package `infwarerr' (already loaded).
Package hobsub Info: Skipping package `ltxcmds' (already loaded).
Package: ifluatex 2016/05/16 v1.4 Provides the ifluatex switch (HO)
Package ifluatex Info: LuaTeX not detected.
Package hobsub Info: Skipping package `ifvtex' (already loaded).
Package: intcalc 2016/05/16 v1.2 Expandable calculations with integers (HO)
Package hobsub Info: Skipping package `ifpdf' (already loaded).
Package: etexcmds 2016/05/16 v1.6 Avoid name clashes with e-TeX commands (HO)
Package etexcmds Info: Could not find \expanded.
(etexcmds)             That can mean that you are not using pdfTeX 1.50 or
(etexcmds)             that some package has redefined \expanded.
(etexcmds)             In the latter case, load this package earlier.
Package: kvsetkeys 2016/05/16 v1.17 Key value parser (HO)
Package: kvdefinekeys 2016/05/16 v1.4 Define keys (HO)
Package: pdftexcmds 2016/05/21 v0.22 Utility functions of pdfTeX for LuaTeX (HO
)
Package pdftexcmds Info: LuaTeX not detected.
Package pdftexcmds Info: \pdf@primitive is available.
Package pdftexcmds Info: \pdf@ifprimitive is available.
Package pdftexcmds Info: \pdfdraftmode found.
Package: pdfescape 2016/05/16 v1.14 Implements pdfTeX's escape features (HO)
Package: bigintcalc 2016/05/16 v1.4 Expandable calculations on big integers (HO
)
Package: bitset 2016/05/16 v1.2 Handle bit-vector datatype (HO)
Package: uniquecounter 2016/05/16 v1.3 Provide unlimited unique counter (HO)
)
Package hobsub Info: Skipping package `hobsub' (already loaded).
Package: letltxmacro 2016/05/16 v1.5 Let assignment for LaTeX macros (HO)
Package: hopatch 2016/05/16 v1.3 Wrapper for package hooks (HO)
Package: xcolor-patch 2016/05/16 xcolor patch
Package: atveryend 2016/05/16 v1.9 Hooks at the very end of document (HO)
Package atveryend Info: \enddocument detected (standard20110627).
Package: atbegshi 2016/06/09 v1.18 At begin shipout hook (HO)
Package: refcount 2016/05/16 v3.5 Data extraction from label references (HO)
Package: hycolor 2016/05/16 v1.8 Color options for hyperref/bookmark (HO)
)
(/usr/share/texlive/texmf-dist/tex/latex/oberdiek/auxhook.sty
Package: auxhook 2016/05/16 v1.4 Hooks for auxiliary files (HO)
)
(/usr/share/texlive/texmf-dist/tex/latex/oberdiek/kvoptions.sty
Package: kvoptions 2016/05/16 v3.12 Key value format for package options (HO)
)
\@linkdim=\dimen160
\Hy@linkcounter=\count136
\Hy@pagecounter=\count137

(/usr/share/texlive/texmf-dist/tex/latex/hyperref/pd1enc.def
File: pd1enc.def 2016/06/24 v6.83q Hyperref: PDFDocEncoding definition (HO)
Now handling font encoding PD1 ...
... no UTF-8 mapping file for font encoding PD1
)
\Hy@SavedSpaceFactor=\count138

(/usr/share/texlive/texmf-dist/tex/latex/latexconfig/hyperref.cfg
File: hyperref.cfg 2002/06/06 v1.2 hyperref configuration of TeXLive
)
Package hyperref Info: Option `plainpages' set `false' on input line 4362.
Package hyperref Info: Option `pdfpagelabels' set `true' on input line 4362.
Package hyperref Info: Hyper figures OFF on input line 4486.
Package hyperref Info: Link nesting OFF on input line 4491.
Package hyperref Info: Hyper index ON on input line 4494.
Package hyperref Info: Plain pages OFF on input line 4501.
Package hyperref Info: Backreferencing ON on input line 4504.
Package hyperref Info: Implicit mode ON; LaTeX internals redefined.
Package hyperref Info: Bookmarks ON on input line 4735.

(/usr/share/texlive/texmf-dist/tex/latex/hyperref/backref.sty
Package: backref 2016/05/21 v1.39 Bibliographical back referencing

(/usr/share/texlive/texmf-dist/tex/latex/oberdiek/rerunfilecheck.sty
Package: rerunfilecheck 2016/05/16 v1.8 Rerun checks for auxiliary files (HO)
Package uniquecounter Info: New unique counter `rerunfilecheck' on input line 2
82.
))
\c@Hy@tempcnt=\count139

(/usr/share/texlive/texmf-dist/tex/latex/url/url.sty
\Urlmuskip=\muskip11
Package: url 2013/09/16  ver 3.4  Verb mode for urls, etc.
)
LaTeX Info: Redefining \url on input line 5088.
\XeTeXLinkMargin=\dimen161
\Fld@menulength=\count140
\Field@Width=\dimen162
\Fld@charsize=\dimen163
Package hyperref Info: Hyper figures OFF on input line 6342.
Package hyperref Info: Link nesting OFF on input line 6347.
Package hyperref Info: Hyper index ON on input line 6350.
Package hyperref Info: backreferencing ON on input line 6355.
Package hyperref Info: Link coloring OFF on input line 6362.
Package hyperref Info: Link coloring with OCG OFF on input line 6367.
Package hyperref Info: PDF/A mode OFF on input line 6372.
LaTeX Info: Redefining \ref on input line 6412.
LaTeX Info: Redefining \pageref on input line 6416.
\Hy@abspage=\count141
\c@Item=\count142
\c@Hfootnote=\count143
)

Package hyperref Message: Driver (autodetected): hpdftex.

(/usr/share/texlive/texmf-dist/tex/latex/hyperref/hpdftex.def
File: hpdftex.def 2016/06/24 v6.83q Hyperref driver for pdfTeX
\Fld@listcount=\count144
\c@bookmark@seq@number=\count145
\Hy@SectionHShift=\skip75
)
Package hyperref Info: Option `colorlinks' set `true' on input line 59.
 (./these.aux
(./merci.aux) (./dedicace.aux) (./glossaire.aux) (./intro.aux) (./contexte.aux)
(./CPD/chapter.aux) (./proteus/chapter.aux) (./methodes/chapter.aux)
(./comparaisons/chapter.aux) (./PDZ/chapter.aux

LaTeX Warning: Label `eq:unfolded' multiply defined.


LaTeX Warning: Label `eq:deltaE' multiply defined.


LaTeX Warning: Label `eq:energy' multiply defined.


LaTeX Warning: Label `eq:entropy' multiply defined.


LaTeX Warning: Label `eq:entropy' multiply defined.


LaTeX Warning: Label `tab:RefEner6' multiply defined.

))
\openout1 = `these.aux'.

LaTeX Font Info:    Checking defaults for OML/cmm/m/it on input line 253.
LaTeX Font Info:    ... okay on input line 253.
LaTeX Font Info:    Checking defaults for T1/cmr/m/n on input line 253.
LaTeX Font Info:    ... okay on input line 253.
LaTeX Font Info:    Checking defaults for OT1/cmr/m/n on input line 253.
LaTeX Font Info:    ... okay on input line 253.
LaTeX Font Info:    Checking defaults for OMS/cmsy/m/n on input line 253.
LaTeX Font Info:    ... okay on input line 253.
LaTeX Font Info:    Checking defaults for OMX/cmex/m/n on input line 253.
LaTeX Font Info:    ... okay on input line 253.
LaTeX Font Info:    Checking defaults for U/cmr/m/n on input line 253.
LaTeX Font Info:    ... okay on input line 253.
LaTeX Font Info:    Checking defaults for PD1/pdf/m/n on input line 253.
LaTeX Font Info:    ... okay on input line 253.
LaTeX Font Info:    Try loading font information for T1+lmr on input line 253.
 (/usr/share/texmf/tex/latex/lm/t1lmr.fd
File: t1lmr.fd 2009/10/30 v1.6 Font defs for Latin Modern
)
*geometry* driver: auto-detecting
*geometry* detected driver: pdftex
*geometry* verbose mode - [ preamble ] result:
* driver: pdftex
* paper: a4paper
* layout: <same size as paper>
* layoutoffset:(h,v)=(0.0pt,0.0pt)
* vratio: 1:1
* modes: twoside heightrounded 
* h-part:(L,W,R)=(85.35826pt, 455.24411pt, 56.9055pt)
* v-part:(T,H,B)=(98.64865pt, 647.74954pt, 98.64865pt)
* \paperwidth=597.50787pt
* \paperheight=845.04684pt
* \textwidth=455.24411pt
* \textheight=735.35826pt
* \oddsidemargin=-1.13809pt
* \evensidemargin=-1.13812pt
* \topmargin=-48.17426pt
* \headheight=14.5pt
* \headsep=19.8738pt
* \topskip=12.0pt
* \footskip=30.0pt
* \marginparwidth=88.0pt
* \marginparsep=7.0pt
* \columnsep=10.0pt
* \skip\footins=10.8pt plus 4.0pt minus 2.0pt
* \hoffset=0.0pt
* \voffset=0.0pt
* \mag=1000
* \@twocolumnfalse
* \@twosidetrue
* \@mparswitchtrue
* \@reversemarginfalse
* (1in=72.27pt=25.4mm, 1cm=28.453pt)

LaTeX Info: Redefining \microtypecontext on input line 253.
Package microtype Info: Generating PDF output.
Package microtype Info: Character protrusion enabled (level 2).
Package microtype Info: Using default protrusion set `alltext'.
Package microtype Info: Automatic font expansion enabled (level 2),
(microtype)             stretch: 20, shrink: 20, step: 1, non-selected.
Package microtype Info: Using default expansion set `basictext'.
Package microtype Info: No adjustment of tracking.
Package microtype Info: No adjustment of interword spacing.
Package microtype Info: No adjustment of character kerning.
(/usr/share/texlive/texmf-dist/tex/latex/microtype/mt-cmr.cfg
File: mt-cmr.cfg 2013/05/19 v2.2 microtype config. file: Computer Modern Roman 
(RS)
)
LaTeX Info: Redefining \degres on input line 253.
LaTeX Info: Redefining \dots on input line 253.
LaTeX Info: Redefining \up on input line 253.

(/usr/share/texlive/texmf-dist/tex/context/base/mkii/supp-pdf.mkii
[Loading MPS to PDF converter (version 2006.09.02).]
\scratchcounter=\count146
\scratchdimen=\dimen164
\scratchbox=\box56
\nofMPsegments=\count147
\nofMParguments=\count148
\everyMPshowfont=\toks28
\MPscratchCnt=\count149
\MPscratchDim=\dimen165
\MPnumerator=\count150
\makeMPintoPDFobject=\count151
\everyMPtoPDFconversion=\toks29
) (/usr/share/texlive/texmf-dist/tex/latex/oberdiek/epstopdf-base.sty
Package: epstopdf-base 2016/05/15 v2.6 Base part for package epstopdf

(/usr/share/texlive/texmf-dist/tex/latex/oberdiek/grfext.sty
Package: grfext 2016/05/16 v1.2 Manage graphics extensions (HO)
)
Package epstopdf-base Info: Redefining graphics rule for `.eps' on input line 4
38.
Package grfext Info: Graphics extension search list:
(grfext)             [.png,.pdf,.jpg,.mps,.jpeg,.jbig2,.jb2,.PNG,.PDF,.JPG,.JPE
G,.JBIG2,.JB2,.eps]
(grfext)             \AppendGraphicsExtensions on input line 456.

(/usr/share/texlive/texmf-dist/tex/latex/latexconfig/epstopdf-sys.cfg
File: epstopdf-sys.cfg 2010/07/13 v1.3 Configuration of (r)epstopdf for TeX Liv
e
))
Package caption Info: Begin \AtBeginDocument code.
Package caption Info: float package is loaded.
Package caption Info: hyperref package is loaded.
Package caption Info: End \AtBeginDocument code.
\AtBeginShipoutBox=\box57
Package backref Info: ** backref set up for natbib ** on input line 253.
Package hyperref Info: Link coloring ON on input line 253.

(/usr/share/texlive/texmf-dist/tex/latex/hyperref/nameref.sty
Package: nameref 2016/05/21 v2.44 Cross-referencing by name of section

(/usr/share/texlive/texmf-dist/tex/generic/oberdiek/gettitlestring.sty
Package: gettitlestring 2016/05/16 v1.5 Cleanup title references (HO)
)
\c@section@level=\count152
)
LaTeX Info: Redefining \ref on input line 253.
LaTeX Info: Redefining \pageref on input line 253.
LaTeX Info: Redefining \nameref on input line 253.

(./these.out) (./these.out)
\@outlinefile=\write3
\openout3 = `these.out'.

 <X_logo.jpg, id=365, 435.87843pt x 596.2275pt>
File: X_logo.jpg Graphic file (type jpg)

<use X_logo.jpg>
Package pdftex.def Info: X_logo.jpg used on input line 258.
(pdftex.def)             Requested size: 77.39085pt x 105.86069pt.
Package microtype Info: Character `029' is missing
(microtype)             in font `T1/lmr/m/sc/14.4'.
(microtype)             Ignoring protrusion settings for this character.
LaTeX Font Info:    Try loading font information for OT1+lmr on input line 258.

 (/usr/share/texmf/tex/latex/lm/ot1lmr.fd
File: ot1lmr.fd 2009/10/30 v1.6 Font defs for Latin Modern
)
LaTeX Font Info:    Try loading font information for OML+lmm on input line 258.


(/usr/share/texmf/tex/latex/lm/omllmm.fd
File: omllmm.fd 2009/10/30 v1.6 Font defs for Latin Modern
)
LaTeX Font Info:    Try loading font information for OMS+lmsy on input line 258
.

(/usr/share/texmf/tex/latex/lm/omslmsy.fd
File: omslmsy.fd 2009/10/30 v1.6 Font defs for Latin Modern
)
LaTeX Font Info:    Try loading font information for OMX+lmex on input line 258
.

(/usr/share/texmf/tex/latex/lm/omxlmex.fd
File: omxlmex.fd 2009/10/30 v1.6 Font defs for Latin Modern
)
LaTeX Font Info:    External font `lmex10' loaded for size
(Font)              <10.95> on input line 258.
LaTeX Font Info:    External font `lmex10' loaded for size
(Font)              <8> on input line 258.
LaTeX Font Info:    External font `lmex10' loaded for size
(Font)              <6> on input line 258.
LaTeX Font Info:    Try loading font information for U+msa on input line 258.

(/usr/share/texlive/texmf-dist/tex/latex/amsfonts/umsa.fd
File: umsa.fd 2013/01/14 v3.01 AMS symbols A
)
(/usr/share/texlive/texmf-dist/tex/latex/microtype/mt-msa.cfg
File: mt-msa.cfg 2006/02/04 v1.1 microtype config. file: AMS symbols (a) (RS)
)
LaTeX Font Info:    Try loading font information for U+msb on input line 258.

(/usr/share/texlive/texmf-dist/tex/latex/amsfonts/umsb.fd
File: umsb.fd 2013/01/14 v3.01 AMS symbols B
)
(/usr/share/texlive/texmf-dist/tex/latex/microtype/mt-msb.cfg
File: mt-msb.cfg 2005/06/01 v1.0 microtype config. file: AMS symbols (b) (RS)
)
Package microtype Info: Character `029' is missing
(microtype)             in font `T1/lmr/m/sc/10.95'.
(microtype)             Ignoring protrusion settings for this character.
 [1

{/var/lib/texmf/fonts/map/pdftex/updmap/pdftex.map} <./X_logo.jpg>] [2]
\openout2 = `merci.aux'.

 (./merci.tex)
[1




] [2


]
\openout2 = `dedicace.aux'.

 (./dedicace.tex) [3

] [4


] (./these.toc)
\tf@toc=\write4
\openout4 = `these.toc'.

 [5

] [6

] (./these.lof)
\tf@lof=\write5
\openout5 = `these.lof'.

 [7

]
[8

] (./these.lot)
\tf@lot=\write6
\openout6 = `these.lot'.

 [9

] [10

]
\openout2 = `glossaire.aux'.

 (./glossaire.tex) [11


] [12


]
\openout2 = `intro.aux'.

 (./intro.tex) [1



]
[2


]
\openout2 = `contexte.aux'.

 (./contexte.tex

Package natbib Warning: Citation `refRE1' on page 3 undefined on input line 13.



Package natbib Warning: Citation `refRE2' on page 3 undefined on input line 13.



Package natbib Warning: Citation `ref4' on page 3 undefined on input line 15.

) [3


] [4


]
\openout2 = `CPD/chapter.aux'.

 (./CPD/chapter.tex
Chapitre 1.
LaTeX Font Info:    External font `lmex10' loaded for size
(Font)              <12> on input line 2.
) [5



] [6


]
\openout2 = `proteus/chapter.aux'.

 (./proteus/chapter.tex
Chapitre 2.
) [7


] [8


]
\openout2 = `methodes/chapter.aux'.

 (./methodes/chapter.tex
Chapitre 3.
[9


]
<./PDZ/images/align_clustalo_1R6Jvs2BYG.png, id=475, 692.0638pt x 184.2488pt>
File: ./PDZ/images/align_clustalo_1R6Jvs2BYG.png Graphic file (type png)

<use ./PDZ/images/align_clustalo_1R6Jvs2BYG.png>
Package pdftex.def Info: ./PDZ/images/align_clustalo_1R6Jvs2BYG.png used on inp
ut line 109.
(pdftex.def)             Requested size: 512.1496pt x 136.36165pt.

Overfull \hbox (68.90549pt too wide) in paragraph at lines 108--111
 [][] 
 []


LaTeX Warning: `h' float specifier changed to `ht'.


Package hyperref Warning: Difference (2) between bookmark levels is greater 
(hyperref)                than one, level fixed on input line 116.

[10] [11 <./PDZ/images/align_clustalo_1R6Jvs2BYG.png>]

Package hyperref Warning: Difference (2) between bookmark levels is greater 
(hyperref)                than one, level fixed on input line 129.

[12

] [13]

LaTeX Warning: Reference `chap:annexe1 ' on page 14 undefined on input line 186
.

[14]

Package hyperref Warning: Difference (2) between bookmark levels is greater 
(hyperref)                than one, level fixed on input line 213.


Overfull \hbox (0.91866pt too wide) in paragraph at lines 238--239
 []\T1/lmr/bx/n/12 Protocoles Monte-Carlo[][] \T1/lmr/m/n/12 (-20) On dis-tingu
e deux en-sembles de pro-to-coles Monte-Carlo.Dans
 []

[15]
Overfull \hbox (7.06764pt too wide) in paragraph at lines 273--299
 [][] 
 []

[16]

Package natbib Warning: Citation `refRE1' on page 17 undefined on input line 31
3.


Package natbib Warning: Citation `refRE2' on page 17 undefined on input line 31
3.


Package natbib Warning: Citation `refRE3' on page 17 undefined on input line 31
3.

[17]
Overfull \hbox (79.42986pt too wide) in paragraph at lines 338--354
 [][] 
 []


Package natbib Warning: Citation `reftoulbar1' on page 18 undefined on input li
ne 363.


Package natbib Warning: Citation `reftoulbar2' on page 18 undefined on input li
ne 363.


Package hyperref Warning: Difference (2) between bookmark levels is greater 
(hyperref)                than one, level fixed on input line 370.


Package natbib Warning: Citation `refSuperfamily' on page 18 undefined on input
 line 370.

[18]

Package natbib Warning: Citation `refSam' on page 19 undefined on input line 37
7.


Package natbib Warning: Citation `refHmmer' on page 19 undefined on input line 
377.

LaTeX Font Info:    Try loading font information for U+dsrom on input line 385.

(/usr/share/texlive/texmf-dist/tex/latex/doublestroke/Udsrom.fd
File: Udsrom.fd 1995/08/01 v0.1 Double stroke roman font definitions
)

Package natbib Warning: Citation `refPfam' on page 19 undefined on input line 3
97.


Package natbib Warning: Citation `refPfam' on page 19 undefined on input line 3
97.


Package natbib Warning: Citation `refBLOSUM' on page 19 undefined on input line
 401.

[19]

Package natbib Warning: Citation `refBLAST' on page 20 undefined on input line 
407.

[20] [21]) [22



]
\openout2 = `comparaisons/chapter.aux'.

 (./comparaisons/chapter.tex
Chapitre 4.
[23


]

Package Fancyhdr Warning: \headheight is too small (14.5pt): 
 Make it at least 27.23862pt.
 We now make it that large for the rest of the document.
 This may cause the page layout to be inconsistent, however.

[24]

Package natbib Warning: Citation `Dantas03' on page 25 undefined on input line 
35.


Package natbib Warning: Citation `Kuhlman06' on page 25 undefined on input line
 35.


Package natbib Warning: Citation `Lippow07' on page 25 undefined on input line 
35.


Package natbib Warning: Citation `Saven11' on page 25 undefined on input line 3
5.


Package natbib Warning: Citation `Feldmeier13' on page 25 undefined on input li
ne 35.


Package natbib Warning: Citation `Tinberg13' on page 25 undefined on input line
 35.


Package natbib Warning: Citation `Pokala04' on page 25 undefined on input line 
40.


Package natbib Warning: Citation `Samish11' on page 25 undefined on input line 
40.


Package natbib Warning: Citation `Li13' on page 25 undefined on input line 40.


Package natbib Warning: Citation `Ponder87' on page 25 undefined on input line 
48.


Package natbib Warning: Citation `Koehl02' on page 25 undefined on input line 4
8.


Package natbib Warning: Citation `Larson02' on page 25 undefined on input line 
48.


Package natbib Warning: Citation `Schmidt09' on page 25 undefined on input line
 48.


Package natbib Warning: Citation `Schmidt10' on page 25 undefined on input line
 48.


Package natbib Warning: Citation `Druart15' on page 25 undefined on input line 
51.


Package natbib Warning: Citation `Aleksandrov10b' on page 25 undefined on input
 line 53.


Package natbib Warning: Citation `Polydorides13' on page 25 undefined on input 
line 53.


Package natbib Warning: Citation `Kilambi12' on page 25 undefined on input line
 53.


Package natbib Warning: Citation `Looger01' on page 25 undefined on input line 
58.


Package natbib Warning: Citation `Georgiev08' on page 25 undefined on input lin
e 58.


Package natbib Warning: Citation `Gordon99' on page 25 undefined on input line 
59.


Package natbib Warning: Citation `Hong09' on page 25 undefined on input line 59
.


Package natbib Warning: Citation `Traore13' on page 25 undefined on input line 
59.


Package natbib Warning: Citation `Allouche14' on page 25 undefined on input lin
e 59.


Package natbib Warning: Citation `Zou03' on page 25 undefined on input line 62.



Package natbib Warning: Citation `Samish11' on page 25 undefined on input line 
62.


Package natbib Warning: Citation `FrenkelBK' on page 25 undefined on input line
 64.


Package natbib Warning: Citation `ChipotBK' on page 25 undefined on input line 
64.


Package natbib Warning: Citation `Wernisch00' on page 25 undefined on input lin
e 68.


Package natbib Warning: Citation `Schmidt09' on page 25 undefined on input line
 68.


Package natbib Warning: Citation `Schmidt10' on page 25 undefined on input line
 68.


Package natbib Warning: Citation `Metropolis53' on page 25 undefined on input l
ine 69.


Package natbib Warning: Citation `FrenkelBK' on page 25 undefined on input line
 69.


Package natbib Warning: Citation `GrimmetBK' on page 25 undefined on input line
 69.


Package natbib Warning: Citation `Sugita99' on page 25 undefined on input line 
70.


Package natbib Warning: Citation `Kofke02' on page 25 undefined on input line 7
0.


Package natbib Warning: Citation `Earl05' on page 25 undefined on input line 70
.


Package natbib Warning: Citation `Traore13' on page 25 undefined on input line 
73.


Package natbib Warning: Citation `Allouche14' on page 25 undefined on input lin
e 73.

[25]

Package natbib Warning: Citation `Schmidt08b' on page 26 undefined on input lin
e 84.


Package natbib Warning: Citation `Schmidt08' on page 26 undefined on input line
 84.


Package natbib Warning: Citation `Simonson13b' on page 26 undefined on input li
ne 84.


Package natbib Warning: Citation `Dahiyat97' on page 26 undefined on input line
 86.


Package natbib Warning: Citation `Schmidt08' on page 26 undefined on input line
 88.


Package natbib Warning: Citation `Simonson13b' on page 26 undefined on input li
ne 88.


Package natbib Warning: Citation `Gough01' on page 26 undefined on input line 9
6.


Package natbib Warning: Citation `Wilson07' on page 26 undefined on input line 
96.


Package Fancyhdr Warning: \headheight is too small (14.5pt): 
 Make it at least 27.23862pt.
 We now make it that large for the rest of the document.
 This may cause the page layout to be inconsistent, however.

[26]

Package natbib Warning: Citation `Metropolis53' on page 27 undefined on input l
ine 118.


Package natbib Warning: Citation `FrenkelBK' on page 27 undefined on input line
 118.


Package natbib Warning: Citation `GrimmetBK' on page 27 undefined on input line
 118.

[27]

Package natbib Warning: Citation `Metropolis53' on page 28 undefined on input l
ine 155.


Package natbib Warning: Citation `FrenkelBK' on page 28 undefined on input line
 155.


Package natbib Warning: Citation `GrimmetBK' on page 28 undefined on input line
 155.


Package natbib Warning: Citation `Metropolis53' on page 28 undefined on input l
ine 162.


Package natbib Warning: Citation `FrenkelBK' on page 28 undefined on input line
 162.


Package natbib Warning: Citation `GrimmetBK' on page 28 undefined on input line
 162.


Package natbib Warning: Citation `Metropolis53' on page 28 undefined on input l
ine 172.


Package Fancyhdr Warning: \headheight is too small (14.5pt): 
 Make it at least 27.23862pt.
 We now make it that large for the rest of the document.
 This may cause the page layout to be inconsistent, however.

[28]

Package natbib Warning: Citation `Kofke02' on page 29 undefined on input line 2
02.


Package natbib Warning: Citation `Earl05' on page 29 undefined on input line 20
2.


Package natbib Warning: Citation `Kofke02' on page 29 undefined on input line 2
08.

[29]

Package natbib Warning: Citation `Wernisch00' on page 30 undefined on input lin
e 213.


Package natbib Warning: Citation `Schmidt08' on page 30 undefined on input line
 213.


Package natbib Warning: Citation `Traore13' on page 30 undefined on input line 
224.


Package natbib Warning: Citation `Allouche14' on page 30 undefined on input lin
e 224.


Package natbib Warning: Citation `Charmm' on page 30 undefined on input line 23
8.


Package natbib Warning: Citation `Lopes07' on page 30 undefined on input line 2
39.


Package natbib Warning: Citation `Schmidt08b' on page 30 undefined on input lin
e 239.


Package Fancyhdr Warning: \headheight is too small (14.5pt): 
 Make it at least 27.23862pt.
 We now make it that large for the rest of the document.
 This may cause the page layout to be inconsistent, however.

[30]

Package natbib Warning: Citation `Schmidt08b' on page 31 undefined on input lin
e 244.


Package natbib Warning: Citation `Lee71' on page 31 undefined on input line 248
.


Package natbib Warning: Citation `Street98' on page 31 undefined on input line 
249.


Package natbib Warning: Citation `Lopes07' on page 31 undefined on input line 2
49.


Package natbib Warning: Citation `Xplor' on page 31 undefined on input line 250
.


Package natbib Warning: Citation `Simonson13b' on page 31 undefined on input li
ne 250.


Package natbib Warning: Citation `Schmidt08' on page 31 undefined on input line
 253.


Package natbib Warning: Citation `Schmidt09' on page 31 undefined on input line
 259.


Package natbib Warning: Citation `Schmidt10' on page 31 undefined on input line
 259.


Package natbib Warning: Citation `Tuffery91' on page 31 undefined on input line
 263.

[31]

Package natbib Warning: Citation `Gough01' on page 32 undefined on input line 2
76.


Package natbib Warning: Citation `Wilson07' on page 32 undefined on input line 
276.


Package natbib Warning: Citation `Andreeva04' on page 32 undefined on input lin
e 277.


Package natbib Warning: Citation `DurbinBK' on page 32 undefined on input line 
283.


Package natbib Warning: Citation `Murphy02' on page 32 undefined on input line 
290.


Package natbib Warning: Citation `Launay07' on page 32 undefined on input line 
291.


Package natbib Warning: Citation `Schmidt09' on page 32 undefined on input line
 317.


Package natbib Warning: Citation `Schmidt10' on page 32 undefined on input line
 317.


Package natbib Warning: Citation `Pfam' on page 32 undefined on input line 320.



Package Fancyhdr Warning: \headheight is too small (14.5pt): 
 Make it at least 27.23862pt.
 We now make it that large for the rest of the document.
 This may cause the page layout to be inconsistent, however.

[32] [33]

Package Fancyhdr Warning: \headheight is too small (14.5pt): 
 Make it at least 27.23862pt.
 We now make it that large for the rest of the document.
 This may cause the page layout to be inconsistent, however.

[34]

Package natbib Warning: Citation `Lopes07' on page 35 undefined on input line 3
90.


Package natbib Warning: Citation `Schmidt08b' on page 35 undefined on input lin
e 390.


Package natbib Warning: Citation `Gaillard14' on page 35 undefined on input lin
e 390.

[35]

Package Fancyhdr Warning: \headheight is too small (14.5pt): 
 Make it at least 27.23862pt.
 We now make it that large for the rest of the document.
 This may cause the page layout to be inconsistent, however.

[36]

Package natbib Warning: Citation `Schmidt09' on page 37 undefined on input line
 439.


Package natbib Warning: Citation `Schmidt10' on page 37 undefined on input line
 439.


Package natbib Warning: Citation `Schmidt09' on page 37 undefined on input line
 441.


Package natbib Warning: Citation `Schmidt10' on page 37 undefined on input line
 441.

[37]

Package natbib Warning: Citation `Fung08' on page 38 undefined on input line 45
9.


Package natbib Warning: Citation `Mandell09' on page 38 undefined on input line
 459.


Package natbib Warning: Citation `Huang11' on page 38 undefined on input line 4
59.


Package natbib Warning: Citation `Ng11' on page 38 undefined on input line 461.



Package natbib Warning: Citation `Lucore15' on page 38 undefined on input line 
461.


Package natbib Warning: Citation `Georgiev08' on page 38 undefined on input lin
e 461.


Package natbib Warning: Citation `Hallen15' on page 38 undefined on input line 
461.


Package natbib Warning: Citation `Schmidt09' on page 38 undefined on input line
 474.


Package natbib Warning: Citation `Schmidt10' on page 38 undefined on input line
 474.


Package natbib Warning: Citation `Polydorides11' on page 38 undefined on input 
line 475.


Package natbib Warning: Citation `Simonson15' on page 38 undefined on input lin
e 475.


Package Fancyhdr Warning: \headheight is too small (14.5pt): 
 Make it at least 27.23862pt.
 We now make it that large for the rest of the document.
 This may cause the page layout to be inconsistent, however.

[38]
No file these.bbl.
[39]
Overfull \hbox (8.2185pt too wide) in paragraph at lines 545--559
 [] 
 []


Package Fancyhdr Warning: \headheight is too small (14.5pt): 
 Make it at least 27.23862pt.
 We now make it that large for the rest of the document.
 This may cause the page layout to be inconsistent, however.

[40] [41]
LaTeX Font Info:    External font `lmex10' loaded for size
(Font)              <10> on input line 618.
LaTeX Font Info:    External font `lmex10' loaded for size
(Font)              <7> on input line 618.
LaTeX Font Info:    External font `lmex10' loaded for size
(Font)              <5> on input line 618.
 [42

]
Overfull \vbox (44.83983pt too high) has occurred while \output is active []


[43] [44

] [45

]

LaTeX Warning: `!h' float specifier changed to `!ht'.


LaTeX Warning: `!h' float specifier changed to `!ht'.

) [46] [47] [48


]
\openout2 = `PDZ/chapter.aux'.

 (./PDZ/chapter.tex
Chapitre 5.

Package natbib Warning: Citation `Harris01' on page 49 undefined on input line 
6.


Package natbib Warning: Citation `Hung02' on page 49 undefined on input line 6.



Package natbib Warning: Citation `Tonikian08' on page 49 undefined on input lin
e 6.


Package natbib Warning: Citation `Gfeller11' on page 49 undefined on input line
 6.


Package natbib Warning: Citation `Subbaiah11' on page 49 undefined on input lin
e 6.


Package natbib Warning: Citation `Sheperd11r' on page 49 undefined on input lin
e 6.


Package natbib Warning: Citation `Bach12' on page 49 undefined on input line 6.



Package natbib Warning: Citation `Roberts12' on page 49 undefined on input line
 6.


Package natbib Warning: Citation `Zheng15' on page 49 undefined on input line 6
.


Package natbib Warning: Citation `Socolich05' on page 49 undefined on input lin
e 6.


Package natbib Warning: Citation `Kong09' on page 49 undefined on input line 6.



Package natbib Warning: Citation `Mclaughlin12' on page 49 undefined on input l
ine 6.


Package natbib Warning: Citation `Melero14' on page 49 undefined on input line 
6.


Package natbib Warning: Citation `Reina02' on page 49 undefined on input line 6
.


Package natbib Warning: Citation `Schmidt10' on page 49 undefined on input line
 6.


Package natbib Warning: Citation `Smith10' on page 49 undefined on input line 6
.


LaTeX Warning: Reference `(' on page 49 undefined on input line 7.


Package natbib Warning: Citation `Baker06b' on page 49 undefined on input line 
7.

[49


] [50]

Package natbib Warning: Citation `Kleinman06' on page 51 undefined on input lin
e 52.

[51]

Package natbib Warning: Citation `Kleinman06' on page 52 undefined on input lin
e 99.

[52]

Package natbib Warning: Citation `Schmidt08' on page 53 undefined on input line
 115.


Package natbib Warning: Citation `Simonson13b' on page 53 undefined on input li
ne 115.

[53]

Package natbib Warning: Citation `Cornell95' on page 54 undefined on input line
 138.


Package natbib Warning: Citation `Hawkins95' on page 54 undefined on input line
 144.


Package natbib Warning: Citation `Lopes07' on page 54 undefined on input line 1
44.


LaTeX Warning: Command \r invalid in math mode on input line 144.


Package natbib Warning: Citation `Lee71' on page 54 undefined on input line 147
.


Package natbib Warning: Citation `Xplor' on page 54 undefined on input line 147
.


Package natbib Warning: Citation `Hawkins95' on page 54 undefined on input line
 149.


Package natbib Warning: Citation `Lopes07' on page 54 undefined on input line 1
49.


Package natbib Warning: Citation `Hawkins95' on page 54 undefined on input line
 149.


Package natbib Warning: Citation `Villa01' on page 54 undefined on input line 1
50.


Package natbib Warning: Citation `Simonson13b' on page 54 undefined on input li
ne 152.


Package natbib Warning: Citation `Gaillard14' on page 54 undefined on input lin
e 152.

[54]

Package natbib Warning: Citation `Street98' on page 55 undefined on input line 
156.


Package natbib Warning: Citation `Lopes07' on page 55 undefined on input line 1
56.


Package natbib Warning: Citation `Gaillard14' on page 55 undefined on input lin
e 156.


Package natbib Warning: Citation `Aleksandrov10b' on page 55 undefined on input
 line 158.

[55]
! Undefined control sequence.
l.164 ...en classes homologues (voir table \reftab
                                                  {AAgroups}). Dans chaque c...
The control sequence at the end of the top line
of your error message was never \def'ed. If you have
misspelled it (e.g., `\hobx'), type `I' and the correct
spelling (e.g., `I\hbox'). Otherwise just continue,
and I'll forget about whatever was undefined.

[56]

Package natbib Warning: Citation `refSuperfamily' on page 57 undefined on input
 line 216.


Package natbib Warning: Citation `refSam' on page 57 undefined on input line 22
3.


Package natbib Warning: Citation `refHmmer' on page 57 undefined on input line 
223.

! Extra }, or forgotten $.
l.231 ...ac{1}{l}\sum_{1<i<l} \mathds{1}(s_i,n_i)}
                                                   \times 100
I've deleted a group-closing symbol because it seems to be
spurious, as in `$x}$'. But perhaps the } is legitimate and
you forgot something else, as in `\hbox{$x}'. In such cases
the way to recover is to insert both the forgotten and the
deleted material, e.g., by typing `I$}'.

[57]
! Extra }, or forgotten $.
l.240 ...{1}{m}\sum_{1<j<m} \mathds{1}(s_i^j,n_i)}
                                                   \times 100
I've deleted a group-closing symbol because it seems to be
spurious, as in `$x}$'. But perhaps the } is legitimate and
you forgot something else, as in `\hbox{$x}'. In such cases
the way to recover is to insert both the forgotten and the
deleted material, e.g., by typing `I$}'.


Package natbib Warning: Citation `refPfam' on page 58 undefined on input line 2
48.


Package natbib Warning: Citation `refPfam' on page 58 undefined on input line 2
48.


Package natbib Warning: Citation `refBLOSUM' on page 58 undefined on input line
 252.


Package natbib Warning: Citation `refBLAST' on page 58 undefined on input line 
258.

[58]
LaTeX Font Info:    Try loading font information for T1+lmtt on input line 260.

 (/usr/share/texmf/tex/latex/lm/t1lmtt.fd
File: t1lmtt.fd 2009/10/30 v1.6 Font defs for Latin Modern
)
Package microtype Info: Loading generic settings for font family
(microtype)             `lmtt' (encoding: T1).
(microtype)             For optimal results, create family-specific settings.
(microtype)             See the microtype manual for details.


Package natbib Warning: Citation `DurbinBK' on page 59 undefined on input line 
269.


Package natbib Warning: Citation `Launay07' on page 59 undefined on input line 
276.


LaTeX Warning: Reference `PDZaligned' on page 59 undefined on input line 282.

[59]
! Missing $ inserted.
<inserted text> 
                $
l.335       }
             
I've inserted a begin-math/end-math symbol since I think
you left one out. Proceed, with fingers crossed.

! Missing $ inserted.
<inserted text> 
                $
l.335       }
             
I've inserted something that you may have forgotten.
(See the <inserted text> above.)
With luck, this will get me unwedged. But if you
really didn't forget anything, try typing `2' now; then
my insertion and my current dilemma will both disappear.


LaTeX Warning: Reference `{align_homo:1G9O}' on page 60 undefined on input line
 346.


LaTeX Warning: Reference `{align_homo:1IHJ}' on page 60 undefined on input line
 346.


LaTeX Warning: Reference `{align_homo:1R6J}' on page 60 undefined on input line
 346.


LaTeX Warning: Reference `{align_homo:1N7E}' on page 60 undefined on input line
 346.


LaTeX Warning: Reference `{align_homo:2BYG}' on page 60 undefined on input line
 346.


LaTeX Warning: Reference `{align_homo:3K82}' on page 60 undefined on input line
 346.

[60]

LaTeX Warning: Reference `PDZaligned' on page 61 undefined on input line 380.


Package caption Warning: \label without proper reference on input line 427.
See the caption package documentation for explanation.


LaTeX Warning: Reference `tab:corePDZ' on page 61 undefined on input line 380.

[61]

LaTeX Warning: Reference `PDZaligned' on page 62 undefined on input line 411.

[62] <./PDZ/images/natives_alignees.png, id=856, 1219.16348pt x 181.86626pt>
File: ./PDZ/images/natives_alignees.png Graphic file (type png)

<use ./PDZ/images/natives_alignees.png>
Package pdftex.def Info: ./PDZ/images/natives_alignees.png used on input line 4
19.
(pdftex.def)             Requested size: 512.1496pt x 76.39995pt.

<./PDZ/images/corePDZ2.png, id=858, 1313.3868pt x 1252.68pt>
File: ./PDZ/images/corePDZ2.png Graphic file (type png)

<use ./PDZ/images/corePDZ2.png>
Package pdftex.def Info: ./PDZ/images/corePDZ2.png used on input line 420.
(pdftex.def)             Requested size: 455.24408pt x 434.20119pt.

Overfull \hbox (68.90549pt too wide) in paragraph at lines 418--422
 [][] 
 []

[63

 <./PDZ/images/natives_alignees.png> <./PDZ/images/corePDZ2.png>] [64]
<./PDZ/homologues/1G9O.png, id=870, 662.9987pt x 541.62791pt>
File: ./PDZ/homologues/1G9O.png Graphic file (type png)

<use ./PDZ/homologues/1G9O.png>
Package pdftex.def Info: ./PDZ/homologues/1G9O.png used on input line 440.
(pdftex.def)             Requested size: 483.69684pt x 395.16194pt.

Overfull \hbox (40.45273pt too wide) in paragraph at lines 439--442
 [][] 
 []

<./PDZ/proteus/1G9O.png, id=871, 644.14565pt x 696.4922pt>
File: ./PDZ/proteus/1G9O.png Graphic file (type png)

<use ./PDZ/proteus/1G9O.png>
Package pdftex.def Info: ./PDZ/proteus/1G9O.png used on input line 449.
(pdftex.def)             Requested size: 483.69684pt x 523.01616pt.

Overfull \hbox (40.45273pt too wide) in paragraph at lines 448--451
 [][] 
 []

[65 <./PDZ/homologues/1G9O.png>] [66 <./PDZ/proteus/1G9O.png (PNG copy)>]
<./PDZ/homologues/1IHJ.png, id=884, 677.13847pt x 463.79868pt>
File: ./PDZ/homologues/1IHJ.png Graphic file (type png)

<use ./PDZ/homologues/1IHJ.png>
Package pdftex.def Info: ./PDZ/homologues/1IHJ.png used on input line 460.
(pdftex.def)             Requested size: 483.69684pt x 331.30215pt.

Overfull \hbox (40.45273pt too wide) in paragraph at lines 459--462
 [][] 
 []

<./PDZ/proteus/1IHJ.png, id=885, 669.28305pt x 697.28638pt>
File: ./PDZ/proteus/1IHJ.png Graphic file (type png)

<use ./PDZ/proteus/1IHJ.png>
Package pdftex.def Info: ./PDZ/proteus/1IHJ.png used on input line 469.
(pdftex.def)             Requested size: 483.69684pt x 503.92903pt.

Overfull \hbox (40.45273pt too wide) in paragraph at lines 468--471
 [][] 
 []

[67 <./PDZ/homologues/1IHJ.png>] [68 <./PDZ/proteus/1IHJ.png (PNG copy)>]
<./PDZ/homologues/1R6J.png, id=897, 595.44196pt x 532.09781pt>
File: ./PDZ/homologues/1R6J.png Graphic file (type png)

<use ./PDZ/homologues/1R6J.png>
Package pdftex.def Info: ./PDZ/homologues/1R6J.png used on input line 479.
(pdftex.def)             Requested size: 483.69684pt x 432.2391pt.

Overfull \hbox (40.45273pt too wide) in paragraph at lines 478--481
 [][] 
 []

<./PDZ/proteus/1R6J.png, id=898, 582.08772pt x 694.90384pt>
File: ./PDZ/proteus/1R6J.png Graphic file (type png)

<use ./PDZ/proteus/1R6J.png>
Package pdftex.def Info: ./PDZ/proteus/1R6J.png used on input line 488.
(pdftex.def)             Requested size: 483.69684pt x 577.45926pt.

Overfull \hbox (40.45273pt too wide) in paragraph at lines 487--490
 [][] 
 []

[69 <./PDZ/homologues/1R6J.png>] [70 <./PDZ/proteus/1R6J.png (PNG copy)>]
<./PDZ/homologues/1N7E.png, id=910, 680.28065pt x 525.7444pt>
File: ./PDZ/homologues/1N7E.png Graphic file (type png)

<use ./PDZ/homologues/1N7E.png>
Package pdftex.def Info: ./PDZ/homologues/1N7E.png used on input line 498.
(pdftex.def)             Requested size: 483.69684pt x 373.82663pt.

Overfull \hbox (40.45273pt too wide) in paragraph at lines 497--500
 [][] 
 []

<./PDZ/proteus/1N7E.png, id=911, 678.70956pt x 694.10966pt>
File: ./PDZ/proteus/1N7E.png Graphic file (type png)

<use ./PDZ/proteus/1N7E.png>
Package pdftex.def Info: ./PDZ/proteus/1N7E.png used on input line 507.
(pdftex.def)             Requested size: 483.69684pt x 494.68538pt.

Overfull \hbox (40.45273pt too wide) in paragraph at lines 506--509
 [][] 
 []

[71 <./PDZ/homologues/1N7E.png>] [72 <./PDZ/proteus/1N7E.png (PNG copy)>]
<./PDZ/homologues/2BYG.png, id=924, 701.49033pt x 471.74043pt>
File: ./PDZ/homologues/2BYG.png Graphic file (type png)

<use ./PDZ/homologues/2BYG.png>
Package pdftex.def Info: ./PDZ/homologues/2BYG.png used on input line 517.
(pdftex.def)             Requested size: 483.69684pt x 325.2853pt.

Overfull \hbox (40.45273pt too wide) in paragraph at lines 516--519
 [][] 
 []

<./PDZ/proteus/2BYG.png, id=925, 689.70717pt x 694.90384pt>
File: ./PDZ/proteus/2BYG.png Graphic file (type png)

<use ./PDZ/proteus/2BYG.png>
Package pdftex.def Info: ./PDZ/proteus/2BYG.png used on input line 526.
(pdftex.def)             Requested size: 483.69684pt x 487.35187pt.

Overfull \hbox (40.45273pt too wide) in paragraph at lines 525--528
 [][] 
 []

[73 <./PDZ/homologues/2BYG.png>] [74 <./PDZ/proteus/2BYG.png (PNG copy)>]
<./PDZ/homologues/3K82.png, id=937, 696.77707pt x 546.39296pt>
File: ./PDZ/homologues/3K82.png Graphic file (type png)

<use ./PDZ/homologues/3K82.png>
Package pdftex.def Info: ./PDZ/homologues/3K82.png used on input line 536.
(pdftex.def)             Requested size: 483.69684pt x 379.31262pt.

Overfull \hbox (40.45273pt too wide) in paragraph at lines 535--538
 [][] 
 []

<./PDZ/proteus/3K82.png, id=938, 688.1361pt x 697.28638pt>
File: ./PDZ/proteus/3K82.png Graphic file (type png)

<use ./PDZ/proteus/3K82.png>
Package pdftex.def Info: ./PDZ/proteus/3K82.png used on input line 545.
(pdftex.def)             Requested size: 483.69684pt x 490.12932pt.

Overfull \hbox (40.45273pt too wide) in paragraph at lines 544--547
 [][] 
 []

[75 <./PDZ/homologues/3K82.png>] [76 <./PDZ/proteus/3K82.png (PNG copy)>]

Package natbib Warning: Citation `Schmidt09' on page 77 undefined on input line
 576.


Package natbib Warning: Citation `Schmidt10' on page 77 undefined on input line
 576.


Package natbib Warning: Citation `Modeller' on page 77 undefined on input line 
576.


Package natbib Warning: Citation `Tuffery91' on page 77 undefined on input line
 576.


Package natbib Warning: Citation `Gaillard14' on page 77 undefined on input lin
e 576.


Package natbib Warning: Citation `Krivov09' on page 77 undefined on input line 
576.


Package natbib Warning: Citation `Gaillard16' on page 77 undefined on input lin
e 576.


Package natbib Warning: Citation `Simonson13b' on page 77 undefined on input li
ne 582.


LaTeX Warning: Reference `para:REMC' on page 77 undefined on input line 584.


Package natbib Warning: Citation `Baker06b' on page 77 undefined on input line 
589.

[77







]
Overfull \hbox (14.05612pt too wide) in paragraph at lines 593--593
[]\T1/lmtt/m/n/12 fixbb -s Tiam1.pdb -resfile Tiam1.res -nstruct 10000 -ex1 -ex
2 -linmem_ig 10[] 
 []


Package natbib Warning: Citation `Gough01' on page 78 undefined on input line 6
04.


Package natbib Warning: Citation `Wilson07' on page 78 undefined on input line 
604.


Package natbib Warning: Citation `Andreeva04' on page 78 undefined on input lin
e 604.

[78] [79]

LaTeX Warning: Reference `{subsection:Superfamily}' on page 80 undefined on inp
ut line 707.

[80]

LaTeX Warning: `h' float specifier changed to `ht'.

! Too many }'s.
l.753 ...X inplement dans Jalview~cite\{Jalview}
                                                  ). Comme on l'a vu dans de...
You've closed more groups than you opened.
Such booboos are generally harmless, so keep going.

[81] <./PDZ/graphes/modelB6+/1G9O_simil_full.png, id=999, 722.7pt x 433.62pt>
File: ./PDZ/graphes/modelB6+/1G9O_simil_full.png Graphic file (type png)

<use ./PDZ/graphes/modelB6+/1G9O_simil_full.png>
Package pdftex.def Info: ./PDZ/graphes/modelB6+/1G9O_simil_full.png used on inp
ut line 791.
(pdftex.def)             Requested size: 239.00298pt x 143.3994pt.

<./PDZ/graphes/modelB6+/1IHJ_simil_full.png, id=1000, 722.7pt x 433.62pt>
File: ./PDZ/graphes/modelB6+/1IHJ_simil_full.png Graphic file (type png)

<use ./PDZ/graphes/modelB6+/1IHJ_simil_full.png>
Package pdftex.def Info: ./PDZ/graphes/modelB6+/1IHJ_simil_full.png used on inp
ut line 792.
(pdftex.def)             Requested size: 239.00298pt x 143.3994pt.

<./PDZ/graphes/modelB6+/1R6J_simil_full.png, id=1001, 722.7pt x 433.62pt>
File: ./PDZ/graphes/modelB6+/1R6J_simil_full.png Graphic file (type png)

<use ./PDZ/graphes/modelB6+/1R6J_simil_full.png>
Package pdftex.def Info: ./PDZ/graphes/modelB6+/1R6J_simil_full.png used on inp
ut line 793.
(pdftex.def)             Requested size: 239.00298pt x 143.3994pt.

<./PDZ/graphes/modelB6+/1N7E_simil_full.png, id=1002, 722.7pt x 433.62pt>
File: ./PDZ/graphes/modelB6+/1N7E_simil_full.png Graphic file (type png)

<use ./PDZ/graphes/modelB6+/1N7E_simil_full.png>
Package pdftex.def Info: ./PDZ/graphes/modelB6+/1N7E_simil_full.png used on inp
ut line 794.
(pdftex.def)             Requested size: 239.00298pt x 143.3994pt.

<./PDZ/graphes/modelB6+/2BYG_simil_full.png, id=1003, 722.7pt x 433.62pt>
File: ./PDZ/graphes/modelB6+/2BYG_simil_full.png Graphic file (type png)

<use ./PDZ/graphes/modelB6+/2BYG_simil_full.png>
Package pdftex.def Info: ./PDZ/graphes/modelB6+/2BYG_simil_full.png used on inp
ut line 795.
(pdftex.def)             Requested size: 239.00298pt x 143.3994pt.

<./PDZ/graphes/modelB6+/3K82_simil_full.png, id=1004, 963.6pt x 578.16pt>
File: ./PDZ/graphes/modelB6+/3K82_simil_full.png Graphic file (type png)

<use ./PDZ/graphes/modelB6+/3K82_simil_full.png>
Package pdftex.def Info: ./PDZ/graphes/modelB6+/3K82_simil_full.png used on inp
ut line 796.
(pdftex.def)             Requested size: 239.00298pt x 143.4016pt.

Overfull \hbox (46.76184pt too wide) in paragraph at lines 790--798
 [][] 
 []

[82] <./PDZ/graphes/modelB6+/1G9O_simil_core.png, id=1011, 722.7pt x 433.62pt>
File: ./PDZ/graphes/modelB6+/1G9O_simil_core.png Graphic file (type png)

<use ./PDZ/graphes/modelB6+/1G9O_simil_core.png>
Package pdftex.def Info: ./PDZ/graphes/modelB6+/1G9O_simil_core.png used on inp
ut line 807.
(pdftex.def)             Requested size: 239.00298pt x 143.3994pt.

<./PDZ/graphes/modelB6+/1IHJ_simil_core.png, id=1012, 722.7pt x 433.62pt>
File: ./PDZ/graphes/modelB6+/1IHJ_simil_core.png Graphic file (type png)

<use ./PDZ/graphes/modelB6+/1IHJ_simil_core.png>
Package pdftex.def Info: ./PDZ/graphes/modelB6+/1IHJ_simil_core.png used on inp
ut line 808.
(pdftex.def)             Requested size: 239.00298pt x 143.3994pt.

<./PDZ/graphes/modelB6+/1R6J_simil_core.png, id=1013, 722.7pt x 449.2785pt>
File: ./PDZ/graphes/modelB6+/1R6J_simil_core.png Graphic file (type png)

<use ./PDZ/graphes/modelB6+/1R6J_simil_core.png>
Package pdftex.def Info: ./PDZ/graphes/modelB6+/1R6J_simil_core.png used on inp
ut line 809.
(pdftex.def)             Requested size: 239.00298pt x 148.5777pt.

<./PDZ/graphes/modelB6+/1N7E_simil_core.png, id=1014, 722.7pt x 433.62pt>
File: ./PDZ/graphes/modelB6+/1N7E_simil_core.png Graphic file (type png)

<use ./PDZ/graphes/modelB6+/1N7E_simil_core.png>
Package pdftex.def Info: ./PDZ/graphes/modelB6+/1N7E_simil_core.png used on inp
ut line 810.
(pdftex.def)             Requested size: 239.00298pt x 143.3994pt.

<./PDZ/graphes/modelB6+/2BYG_simil_core.png, id=1015, 722.7pt x 448.7967pt>
File: ./PDZ/graphes/modelB6+/2BYG_simil_core.png Graphic file (type png)

<use ./PDZ/graphes/modelB6+/2BYG_simil_core.png>
Package pdftex.def Info: ./PDZ/graphes/modelB6+/2BYG_simil_core.png used on inp
ut line 811.
(pdftex.def)             Requested size: 239.00298pt x 148.41837pt.

<./PDZ/graphes/modelB6+/3K82_simil_core.png, id=1016, 722.7pt x 433.62pt>
File: ./PDZ/graphes/modelB6+/3K82_simil_core.png Graphic file (type png)

<use ./PDZ/graphes/modelB6+/3K82_simil_core.png>
Package pdftex.def Info: ./PDZ/graphes/modelB6+/3K82_simil_core.png used on inp
ut line 812.
(pdftex.def)             Requested size: 239.00298pt x 143.3994pt.

Overfull \hbox (46.76184pt too wide) in paragraph at lines 806--814
 [][] 
 []


Package natbib Warning: Citation `mignon2017' on page 83 undefined on input lin
e 819.

[83]

LaTeX Warning: Reference `Tab:FreqAA3' on page 84 undefined on input line 831.

[84 <./PDZ/graphes/modelB6+/1G9O_simil_full.png> <./PDZ/graphes/modelB6+/1IHJ_s
imil_full.png> <./PDZ/graphes/modelB6+/1R6J_simil_full.png> <./PDZ/graphes/mode
lB6+/1N7E_simil_full.png> <./PDZ/graphes/modelB6+/2BYG_simil_full.png> <./PDZ/g
raphes/modelB6+/3K82_simil_full.png>] [85 <./PDZ/graphes/modelB6+/1G9O_simil_co
re.png> <./PDZ/graphes/modelB6+/1IHJ_simil_core.png> <./PDZ/graphes/modelB6+/1R
6J_simil_core.png> <./PDZ/graphes/modelB6+/1N7E_simil_core.png> <./PDZ/graphes/
modelB6+/2BYG_simil_core.png> <./PDZ/graphes/modelB6+/3K82_simil_core.png>]

LaTeX Warning: Reference `tab:superfamily3prot' on page 86 undefined on input l
ine 933.


LaTeX Warning: `h' float specifier changed to `ht'.


LaTeX Warning: Reference `{graph:Simil_3prot}' on page 86 undefined on input li
ne 965.

[86] [87] <./PDZ/graphes/FDB/1G9O_simil_cut.png, id=1056, 722.7pt x 433.62pt>
File: ./PDZ/graphes/FDB/1G9O_simil_cut.png Graphic file (type png)

<use ./PDZ/graphes/FDB/1G9O_simil_cut.png>
Package pdftex.def Info: ./PDZ/graphes/FDB/1G9O_simil_cut.png used on input lin
e 970.
(pdftex.def)             Requested size: 239.00298pt x 143.3994pt.

<./PDZ/graphes/FDB/1G9O_simil_core.png, id=1057, 722.7pt x 433.62pt>
File: ./PDZ/graphes/FDB/1G9O_simil_core.png Graphic file (type png)

<use ./PDZ/graphes/FDB/1G9O_simil_core.png>
Package pdftex.def Info: ./PDZ/graphes/FDB/1G9O_simil_core.png used on input li
ne 971.
(pdftex.def)             Requested size: 239.00298pt x 143.3994pt.

<./PDZ/graphes/FDB/1R6J_simil_cut.png, id=1058, 722.7pt x 433.62pt>
File: ./PDZ/graphes/FDB/1R6J_simil_cut.png Graphic file (type png)

<use ./PDZ/graphes/FDB/1R6J_simil_cut.png>
Package pdftex.def Info: ./PDZ/graphes/FDB/1R6J_simil_cut.png used on input lin
e 972.
(pdftex.def)             Requested size: 239.00298pt x 143.3994pt.

<./PDZ/graphes/FDB/1R6J_simil_core.png, id=1059, 722.7pt x 433.62pt>
File: ./PDZ/graphes/FDB/1R6J_simil_core.png Graphic file (type png)

<use ./PDZ/graphes/FDB/1R6J_simil_core.png>
Package pdftex.def Info: ./PDZ/graphes/FDB/1R6J_simil_core.png used on input li
ne 973.
(pdftex.def)             Requested size: 239.00298pt x 143.3994pt.

<./PDZ/graphes/FDB/2BYG_simil_cut.png, id=1060, 722.7pt x 433.62pt>
File: ./PDZ/graphes/FDB/2BYG_simil_cut.png Graphic file (type png)

<use ./PDZ/graphes/FDB/2BYG_simil_cut.png>
Package pdftex.def Info: ./PDZ/graphes/FDB/2BYG_simil_cut.png used on input lin
e 974.
(pdftex.def)             Requested size: 239.00298pt x 143.3994pt.

<./PDZ/graphes/FDB/2BYG_simil_core.png, id=1061, 722.7pt x 433.62pt>
File: ./PDZ/graphes/FDB/2BYG_simil_core.png Graphic file (type png)

<use ./PDZ/graphes/FDB/2BYG_simil_core.png>
Package pdftex.def Info: ./PDZ/graphes/FDB/2BYG_simil_core.png used on input li
ne 975.
(pdftex.def)             Requested size: 239.00298pt x 143.3994pt.

Overfull \hbox (46.76184pt too wide) in paragraph at lines 969--977
 [][] 
 []


LaTeX Warning: Reference `tab:IdentNEA' on page 88 undefined on input line 985.


[88] [89] [90 <./PDZ/graphes/FDB/1G9O_simil_cut.png> <./PDZ/graphes/FDB/1G9O_si
mil_core.png> <./PDZ/graphes/FDB/1R6J_simil_cut.png> <./PDZ/graphes/FDB/1R6J_si
mil_core.png> <./PDZ/graphes/FDB/2BYG_simil_cut.png> <./PDZ/graphes/FDB/2BYG_si
mil_core.png>]
<./PDZ/titration/alignTiam1.png, id=1087, 844.756pt x 597.432pt>
File: ./PDZ/titration/alignTiam1.png Graphic file (type png)

<use ./PDZ/titration/alignTiam1.png>
Package pdftex.def Info: ./PDZ/titration/alignTiam1.png used on input line 1015
.
(pdftex.def)             Requested size: 398.33858pt x 281.7138pt.


LaTeX Warning: `h' float specifier changed to `ht'.

<./PDZ/titration/structure_Tiam1.png, id=1088, 4701.565pt x 3523.1625pt>
File: ./PDZ/titration/structure_Tiam1.png Graphic file (type png)

<use ./PDZ/titration/structure_Tiam1.png>
Package pdftex.def Info: ./PDZ/titration/structure_Tiam1.png used on input line
 1027.
(pdftex.def)             Requested size: 426.79134pt x 319.81265pt.


LaTeX Warning: `h' float specifier changed to `ht'.

<./PDZ/titration/alignCASK.png, id=1089, 691.383pt x 460.922pt>
File: ./PDZ/titration/alignCASK.png Graphic file (type png)

<use ./PDZ/titration/alignCASK.png>
Package pdftex.def Info: ./PDZ/titration/alignCASK.png used on input line 1044.

(pdftex.def)             Requested size: 455.24408pt x 303.49208pt.

Overfull \hbox (11.99997pt too wide) in paragraph at lines 1043--1046
 [][] 
 []


LaTeX Warning: `!h' float specifier changed to `!ht'.


Package natbib Warning: Citation `Gaillard16' on page 91 undefined on input lin
e 1058.


Package natbib Warning: Citation `Krivov09' on page 91 undefined on input line 
1058.


Package natbib Warning: Citation `Polydorides13' on page 91 undefined on input 
line 1058.


Package natbib Warning: Citation `Kilambi12' on page 91 undefined on input line
 1058.

[91]

Package natbib Warning: Citation `Schmidt08' on page 92 undefined on input line
 1063.


Package natbib Warning: Citation `Simonson13' on page 92 undefined on input lin
e 1063.


Package natbib Warning: Citation `Druart17' on page 92 undefined on input line 
1064.

[92 <./PDZ/titration/alignTiam1.png>] [93 <./PDZ/titration/structure_Tiam1.png>
] [94 <./PDZ/titration/alignCASK.png>]

Package natbib Warning: Citation `Polydorides13' on page 95 undefined on input 
line 1069.

[95] [96] <./PDZ/logos/core.png, id=1125, 1571.8725pt x 1887.6924pt>
File: ./PDZ/logos/core.png Graphic file (type png)

<use ./PDZ/logos/core.png>
Package pdftex.def Info: ./PDZ/logos/core.png used on input line 1084.
(pdftex.def)             Requested size: 512.1496pt x 615.04817pt.

<./PDZ/logos/exposed.png, id=1126, 1648.9605pt x 1351.6899pt>
File: ./PDZ/logos/exposed.png Graphic file (type png)

<use ./PDZ/logos/exposed.png>
Package pdftex.def Info: ./PDZ/logos/exposed.png used on input line 1094.
(pdftex.def)             Requested size: 512.1496pt x 419.82391pt.
) [97] [98 <./PDZ/logos/core.png>] [99 <./PDZ/logos/exposed.png>] [100


]
\openout2 = `conc.aux'.

 (./conc.tex) [101


] [102


]
\openout2 = `annexe_posi.aux'.

 (./annexe_posi.tex
Overfull \hbox (2.34969pt too wide) in paragraph at lines 190--191
 [][] 
 []


Overfull \hbox (34.69362pt too wide) in paragraph at lines 253--254
 [][] 
 []

) [103


] [104] [105] [106] [107] [108


]
No file these.bbl.
\openout2 = `resume.aux'.

(./resume.tex) [109



]

Package natbib Warning: There were undefined citations.

Package atveryend Info: Empty hook `BeforeClearDocument' on input line 339.
Package atveryend Info: Empty hook `AfterLastShipout' on input line 339.
(./these.aux (./merci.aux) (./dedicace.aux) (./glossaire.aux) (./intro.aux)
(./contexte.aux) (./CPD/chapter.aux) (./proteus/chapter.aux)
(./methodes/chapter.aux) (./comparaisons/chapter.aux) (./PDZ/chapter.aux)
(./conc.aux) (./annexe_posi.aux) (./resume.aux))
Package atveryend Info: Executing hook `AtVeryEndDocument' on input line 339.
Package atveryend Info: Executing hook `AtEndAfterFileList' on input line 339.


Package rerunfilecheck Warning: File `these.out' has changed.
(rerunfilecheck)                Rerun to get outlines right
(rerunfilecheck)                or use package `bookmark'.

Package rerunfilecheck Info: Checksums for `these.out':
(rerunfilecheck)             Before: 8722B095632FDF26F1064E68B9D92302;7069
(rerunfilecheck)             After:  E75B44B08A1F4C2A656BF1C64E31A73B;7666.

LaTeX Warning: There were undefined references.


LaTeX Warning: There were multiply-defined labels.

Package atveryend Info: Empty hook `AtVeryVeryEnd' on input line 339.
 ) 
Here is how much of TeX's memory you used:
 13080 strings out of 494875
 198158 string characters out of 6178749
 375566 words of memory out of 5000000
 15478 multiletter control sequences out of 15000+600000
 107161 words of font info for 171 fonts, out of 8000000 for 9000
 36 hyphenation exceptions out of 8191
 43i,13n,43p,2562b,512s stack positions out of 5000i,500n,10000p,200000b,80000s
{/usr/share/texmf/fonts/enc/dvips/lm/lm-ec.enc}{/usr/share/texmf/fonts/enc/dv
ips/lm/lm-rm.enc}{/usr/share/texmf/fonts/enc/dvips/lm/lm-mathit.enc}{/usr/share
/texmf/fonts/enc/dvips/lm/lm-mathsy.enc}{/usr/share/texmf/fonts/enc/dvips/lm/lm
-mathex.enc}</usr/share/texlive/texmf-dist/fonts/type1/public/doublestroke/dsro
m12.pfb></usr/share/texlive/texmf-dist/fonts/type1/public/doublestroke/dsrom8.p
fb></usr/share/texmf/fonts/type1/public/lm/lmbx10.pfb></usr/share/texmf/fonts/t
ype1/public/lm/lmbx12.pfb></usr/share/texmf/fonts/type1/public/lm/lmbxo10.pfb><
/usr/share/texmf/fonts/type1/public/lm/lmcsc10.pfb></usr/share/texmf/fonts/type
1/public/lm/lmex10.pfb></usr/share/texmf/fonts/type1/public/lm/lmmi10.pfb></usr
/share/texmf/fonts/type1/public/lm/lmmi12.pfb></usr/share/texmf/fonts/type1/pub
lic/lm/lmmi6.pfb></usr/share/texmf/fonts/type1/public/lm/lmmi7.pfb></usr/share/
texmf/fonts/type1/public/lm/lmmi8.pfb></usr/share/texmf/fonts/type1/public/lm/l
mr10.pfb></usr/share/texmf/fonts/type1/public/lm/lmr12.pfb></usr/share/texmf/fo
nts/type1/public/lm/lmr6.pfb></usr/share/texmf/fonts/type1/public/lm/lmr8.pfb><
/usr/share/texmf/fonts/type1/public/lm/lmri12.pfb></usr/share/texmf/fonts/type1
/public/lm/lmsy10.pfb></usr/share/texmf/fonts/type1/public/lm/lmsy6.pfb></usr/s
hare/texmf/fonts/type1/public/lm/lmsy8.pfb></usr/share/texmf/fonts/type1/public
/lm/lmtt12.pfb>
Output written on these.pdf (123 pages, 22312931 bytes).
PDF statistics:
 1352 PDF objects out of 1440 (max. 8388607)
 1123 compressed objects within 12 object streams
 356 named destinations out of 1000 (max. 500000)
 31124 words of extra memory for PDF output out of 35830 (max. 10000000)

