\BOOKMARK [0][-]{cover.0}{Couverture}{}% 1
\BOOKMARK [0][-]{acknowledgements.0}{Remerciements}{}% 2
\BOOKMARK [0][-]{dedication.0}{D\351dicace}{}% 3
\BOOKMARK [0][-]{contents.0}{Table des mati\350res}{}% 4
\BOOKMARK [0][-]{section*.3}{Liste des figures}{}% 5
\BOOKMARK [0][-]{section*.5}{Liste des tables}{}% 6
\BOOKMARK [0][-]{chapter*.7}{Abreviations}{}% 7
\BOOKMARK [0][-]{chapter*.8}{Introduction}{}% 8
\BOOKMARK [0][-]{chapter.1}{Methodes: La theorie}{}% 9
\BOOKMARK [0][-]{chapter.2}{Les M\351thodes utilis\351es}{}% 10
\BOOKMARK [1][-]{section.2.1}{Section}{chapter.2}% 11
\BOOKMARK [2][-]{subsection.2.1.1}{Subsection}{section.2.1}% 12
\BOOKMARK [3][-]{section*.10}{Subsubsection}{subsection.2.1.1}% 13
\BOOKMARK [4][-]{section*.11}{Paragraph}{section*.10}% 14
\BOOKMARK [5][-]{section*.12}{Subparagraph}{section*.11}% 15
\BOOKMARK [0][-]{chapter.3}{Comparaisons d'algorithmes}{}% 16
\BOOKMARK [1][-]{section.3.1}{Les m\351thodes pratiques}{chapter.3}% 17
\BOOKMARK [2][-]{subsection.3.1.1}{les prot\351ines}{section.3.1}% 18
\BOOKMARK [2][-]{subsection.3.1.2}{Description des tests}{section.3.1}% 19
\BOOKMARK [3][-]{section*.14}{Ensemble 'Tout actif'}{subsection.3.1.2}% 20
\BOOKMARK [4][-]{section*.15}{L'ensemble 'Nombre d'actifs limit\351'}{section*.14}% 21
\BOOKMARK [4][-]{section*.16}{le choix des positions actives}{section*.14}% 22
\BOOKMARK [4][-]{section*.17}{positions en interactions}{section*.14}% 23
\BOOKMARK [4][-]{section*.18}{choix des positions actives}{section*.14}% 24
\BOOKMARK [3][-]{section*.19}{D\351finition de protocole comparable}{subsection.3.1.2}% 25
\BOOKMARK [2][-]{subsection.3.1.3}{Protocole heuristique}{section.3.1}% 26
\BOOKMARK [2][-]{subsection.3.1.4}{Protocoles Monte-Carlo}{section.3.1}% 27
\BOOKMARK [3][-]{section*.21}{Param\351trage}{subsection.3.1.4}% 28
\BOOKMARK [4][-]{section*.22}{Seconde version de proteus}{section*.21}% 29
\BOOKMARK [2][-]{subsection.3.1.5}{Les protocoles "Replica Exchange"}{section.3.1}% 30
\BOOKMARK [2][-]{subsection.3.1.6}{Protocoles Toulbar2}{section.3.1}% 31
\BOOKMARK [2][-]{subsection.3.1.7}{Outils d'analyse des donn\351es}{section.3.1}% 32
\BOOKMARK [3][-]{section*.25}{Superfamily/SCOP}{subsection.3.1.7}% 33
\BOOKMARK [4][-]{section*.26}{Taux d'identit\351 de s\351quences}{section*.25}% 34
\BOOKMARK [4][-]{section*.27}{Taux d'identit\351 par position}{section*.25}% 35
\BOOKMARK [4][-]{section*.28}{Alignements Pfam}{section*.25}% 36
\BOOKMARK [4][-]{section*.29}{Score BLOSUM}{section*.25}% 37
\BOOKMARK [4][-]{section*.30}{similarit\351 d'un ensemble \340 une famille Pfam}{section*.25}% 38
\BOOKMARK [4][-]{section*.31}{R\351partition de l'\351nergie selon les centiles }{section*.25}% 39
\BOOKMARK [1][-]{section.3.2}{R\351sultats}{chapter.3}% 40
\BOOKMARK [2][-]{subsection.3.2.1}{Param\351trage du protocole Monte-Carlo}{section.3.2}% 41
\BOOKMARK [3][-]{section*.32}{Temp\351rature et meilleures \351nergies}{subsection.3.2.1}% 42
\BOOKMARK [4][-]{section*.34}{Temp\351rature et taux d'identit\351 de s\351quences}{section*.32}% 43
\BOOKMARK [4][-]{section*.36}{Temp\351rature et r\351sultats Superfamily}{section*.32}% 44
\BOOKMARK [4][-]{section*.38}{Temp\351rature et entropie}{section*.32}% 45
\BOOKMARK [4][-]{section*.41}{Trajectoire et pourcentage d' identit\351}{section*.32}% 46
\BOOKMARK [4][-]{section*.43}{Mutations et pourcentage d' identit\351}{section*.32}% 47
\BOOKMARK [2][-]{subsection.3.2.2}{Comparaisons Monte-Carlo et heuristique}{section.3.2}% 48
\BOOKMARK [3][-]{section*.45}{comparaisons des score de similarit\351s}{subsection.3.2.2}% 49
\BOOKMARK [4][-]{section*.53}{rapport entre \351nergies et similarit\351s}{section*.45}% 50
\BOOKMARK [4][-]{section*.55}{Comparaisons des distributions selon l'\351nergie}{section*.45}% 51
\BOOKMARK [2][-]{subsection.3.2.3}{Comparaisons avec toutes les positions actives}{section.3.2}% 52
\BOOKMARK [3][-]{section*.57}{meilleure \351nergie selon les protocoles}{subsection.3.2.3}% 53
\BOOKMARK [4][-]{section*.61}{Distribution des \351nergies en fonction des temp\351ratures}{section*.57}% 54
\BOOKMARK [4][-]{section*.63}{Trajectoires dans l'espace des temp\351ratures}{section*.57}% 55
\BOOKMARK [4][-]{section*.65}{R\351sultats Superfamily}{section*.57}% 56
\BOOKMARK [2][-]{subsection.3.2.4}{comparaisons avec un espace d'\351tats r\351duit}{section.3.2}% 57
\BOOKMARK [3][-]{section*.67}{S\351quence native}{subsection.3.2.4}% 58
\BOOKMARK [4][-]{section*.69}{Une position active}{section*.67}% 59
\BOOKMARK [4][-]{section*.77}{Cinq positions actives}{section*.67}% 60
\BOOKMARK [4][-]{section*.79}{Dix positions actives}{section*.67}% 61
\BOOKMARK [4][-]{section*.81}{Vingt positions actives }{section*.67}% 62
\BOOKMARK [4][-]{section*.83}{Trente positions actives}{section*.67}% 63
\BOOKMARK [4][-]{section*.85}{Vue d'ensemble}{section*.67}% 64
\BOOKMARK [4][-]{section*.87}{Les temps de calcul}{section*.67}% 65
\BOOKMARK [4][-]{section*.89}{\311tudes des s\351quences/rotam\350res au voisinage du GMEC}{section*.67}% 66
\BOOKMARK [4][-]{section*.90}{\311tudes des s\351quences d'acide amin\351 au voisinage du GMEC}{section*.67}% 67
\BOOKMARK [2][-]{subsection.3.2.5}{Comparaison des structures 3D}{section.3.2}% 68
\BOOKMARK [2][-]{subsection.3.2.6}{R\351sultats Heuristique \(protocoles longs\)}{section.3.2}% 69
\BOOKMARK [2][-]{subsection.3.2.7}{Distribution des \351tats visit\351s }{section.3.2}% 70
\BOOKMARK [3][-]{section*.100}{densit\351 en s\351quences}{subsection.3.2.7}% 71
\BOOKMARK [4][-]{figure.caption.104}{r\351partitions des s\351quences/rotam\350res}{section*.100}% 72
\BOOKMARK [0][-]{chapter*.105}{Conclusion}{}% 73
\BOOKMARK [0][-]{section*.111}{Bibliographie}{}% 74
\BOOKMARK [0][-]{resume.0}{Resume}{}% 75
\BOOKMARK [0][-]{abstract.0}{Abstract}{}% 76
