This is pdfTeX, Version 3.14159265-2.6-1.40.17 (TeX Live 2016/Debian) (preloaded format=pdftex 2017.6.23)  20 SEP 2017 15:55
entering extended mode
 restricted \write18 enabled.
 %&-line parsing enabled.
**\nonstopmode\input style-pagedegarde.tex
(./style-pagedegarde.tex
! Undefined control sequence.
l.2 \label
          {cotutelle}
The control sequence at the end of the top line
of your error message was never \def'ed. If you have
misspelled it (e.g., `\hobx'), type `I' and the correct
spelling (e.g., `I\hbox'). Otherwise just continue,
and I'll forget about whatever was undefined.

! Undefined control sequence.
l.13 \begin
           {tikzpicture}[remember picture,overlay,color=blue!20!red!45!black...
The control sequence at the end of the top line
of your error message was never \def'ed. If you have
misspelled it (e.g., `\hobx'), type `I' and the correct
spelling (e.g., `I\hbox'). Otherwise just continue,
and I'll forget about whatever was undefined.

! Undefined control sequence.
l.14 	\draw
           [very thick]
The control sequence at the end of the top line
of your error message was never \def'ed. If you have
misspelled it (e.g., `\hobx'), type `I' and the correct
spelling (e.g., `I\hbox'). Otherwise just continue,
and I'll forget about whatever was undefined.


Overfull \hbox (54.9869pt too wide) in paragraph at lines 13--19
[]\tenrm tikzpicture[remember pic-ture,overlay,color=blue!20!red!45!black!75!] 
[very thick] ([yshift=-160pt,xshift=45pt]current|

\hbox(7.5+2.5)x469.75499, glue set - 1.0
.\hbox(0.0+0.0)x20.0
.\tenrm t
.\tenrm i
.\tenrm k
.\tenrm z
.etc.

[1{/var/lib/texmf/fonts/map/pdftex/updmap/pdftex.map}] )</usr/share/texlive/tex
mf-dist/fonts/type1/public/amsfonts/cm/cmr10.pfb>
Output written on style-pagedegarde.pdf (1 page, 18443 bytes).
PDF statistics:
 12 PDF objects out of 1000 (max. 8388607)
 7 compressed objects within 1 object stream
 0 named destinations out of 1000 (max. 500000)
 1 words of extra memory for PDF output out of 10000 (max. 10000000)

