BLASTP 2.2.29+


Reference: Stephen F. Altschul, Thomas L. Madden, Alejandro A.
Schaffer, Jinghui Zhang, Zheng Zhang, Webb Miller, and David J.
Lipman (1997), "Gapped BLAST and PSI-BLAST: a new generation of
protein database search programs", Nucleic Acids Res. 25:3389-3402.


Reference for composition-based statistics: Alejandro A. Schaffer,
L. Aravind, Thomas L. Madden, Sergei Shavirin, John L. Spouge, Yuri
I. Wolf, Eugene V. Koonin, and Stephen F. Altschul (2001),
"Improving the accuracy of PSI-BLAST protein database searches with
composition-based statistics and other refinements", Nucleic Acids
Res. 29:2994-3005.



Database: native.fasta
           1 sequences; 98 total letters



Query= 1CKA native

Length=57
                                                                      Score     E
Sequences producing significant alignments:                          (Bits)  Value

  1BM2 native                                                         10.0    5.8  


> 1BM2 native
Length=98

 Score = 10.0 bits (14),  Expect = 5.8, Method: Compositional matrix adjust.
 Identities = 5/16 (31%), Positives = 7/16 (44%), Gaps = 5/16 (31%)

Query  12  GNDEEDLPFKKGDILR  27
           GND +        +LR
Sbjct  48  GNDVQHF-----KVLR  58



Lambda      K        H        a         alpha
   0.315    0.140    0.441    0.792     4.96 

Gapped
Lambda      K        H        a         alpha    sigma
   0.267   0.0410    0.140     1.90     42.6     43.6 

Effective search space used: 4550


  Database: native.fasta
    Posted date:  Feb 25, 2016  4:19 PM
  Number of letters in database: 98
  Number of sequences in database:  1



Matrix: BLOSUM62
Gap Penalties: Existence: 11, Extension: 1
Neighboring words threshold: 11
Window for multiple hits: 40
