\BOOKMARK [0][-]{cover.0}{Couverture}{}% 1
\BOOKMARK [0][-]{acknowledgements.0}{Remerciements}{}% 2
\BOOKMARK [0][-]{dedication.0}{D\351dicace}{}% 3
\BOOKMARK [0][-]{contents.0}{Table des mati\350res}{}% 4
\BOOKMARK [0][-]{section*.3}{Liste des figures}{}% 5
\BOOKMARK [0][-]{section*.5}{Liste des tables}{}% 6
\BOOKMARK [0][-]{chapter*.7}{Abreviations}{}% 7
\BOOKMARK [0][-]{chapter*.8}{Introduction}{}% 8
\BOOKMARK [0][-]{chapter.1}{le \253 CPD \273: Conception de prot\351ine par ordinateur}{}% 9
\BOOKMARK [0][-]{chapter.2}{D\351veloppements}{}% 10
\BOOKMARK [0][-]{chapter.3}{Comparing stochastic search algorithms for computational protein design}{}% 11
\BOOKMARK [0][-]{chapter.4}{PDZ}{}% 12
\BOOKMARK [1][-]{section.4.1}{Introduction}{chapter.4}% 13
\BOOKMARK [1][-]{section.4.2}{Le mod\350le d'\351tat d\351pli\351}{chapter.4}% 14
\BOOKMARK [2][-]{subsection.4.2.1}{Les \351nergies de r\351f\351rence}{section.4.2}% 15
\BOOKMARK [2][-]{subsection.4.2.2}{La vraisemblance des \351nergies de r\351f\351rence}{section.4.2}% 16
\BOOKMARK [2][-]{subsection.4.2.3}{Recherche du maximum de vraisemblance}{section.4.2}% 17
\BOOKMARK [1][-]{section.4.3}{M\351thodes de calcul}{chapter.4}% 18
\BOOKMARK [2][-]{subsection.4.3.1}{Fonction \351nerg\351tique efficace pour l'\351tat repli\351}{section.4.3}% 19
\BOOKMARK [2][-]{subsection.4.3.2}{Les \351nergies de r\351f\351rence de l'\351tat d\351pli\351}{section.4.3}% 20
\BOOKMARK [1][-]{section.4.4}{S\351quences exp\351rimentales et mod\350les structurels}{chapter.4}% 21
\BOOKMARK [2][-]{subsection.4.4.1}{L'ensemble des prot\351ines PDZ}{section.4.4}% 22
\BOOKMARK [2][-]{subsection.4.4.2}{Alignements Blast crois\351s}{section.4.4}% 23
\BOOKMARK [2][-]{subsection.4.4.3}{S\351lection des homologues}{section.4.4}% 24
\BOOKMARK [2][-]{subsection.4.4.4}{Alignements des prot\351ines exp\351rimentales et leurs homologues}{section.4.4}% 25
\BOOKMARK [2][-]{subsection.4.4.5}{Similarit\351 des homologues}{section.4.4}% 26
\BOOKMARK [2][-]{subsection.4.4.6}{Les fr\351quences d'acides amin\351s}{section.4.4}% 27
\BOOKMARK [1][-]{section.4.5}{S\351quences calcul\351es}{chapter.4}% 28
\BOOKMARK [2][-]{subsection.4.5.1}{pr\351paration}{section.4.5}% 29
\BOOKMARK [2][-]{subsection.4.5.2}{simulation Monte-Carlo}{section.4.5}% 30
\BOOKMARK [2][-]{subsection.4.5.3}{G\351n\351ration de s\351quence Rosetta}{section.4.5}% 31
\BOOKMARK [2][-]{subsection.4.5.4}{Caract\351risation des s\351quences calcul\351es}{section.4.5}% 32
\BOOKMARK [1][-]{section.4.6}{R\351sultats du mod\350le NEA}{chapter.4}% 33
\BOOKMARK [2][-]{subsection.4.6.1}{optimisation du mod\350le de l'\351tat d\351pli\351}{section.4.6}% 34
\BOOKMARK [2][-]{subsection.4.6.2}{Tests de reconnaissance de famille}{section.4.6}% 35
\BOOKMARK [2][-]{subsection.4.6.3}{S\351quences et diversit\351 de s\351quences}{section.4.6}% 36
\BOOKMARK [2][-]{subsection.4.6.4}{Scores de similarit\351 Blosum}{section.4.6}% 37
\BOOKMARK [2][-]{subsection.4.6.5}{Tests de validation crois\351e}{section.4.6}% 38
\BOOKMARK [1][-]{section.4.7}{R\351sultats du mod\350le FDB}{chapter.4}% 39
\BOOKMARK [2][-]{subsection.4.7.1}{optimisation du mod\350le de l'\351tat d\351pli\351}{section.4.7}% 40
\BOOKMARK [2][-]{subsection.4.7.2}{Tests de reconnaissance de famille}{section.4.7}% 41
\BOOKMARK [2][-]{subsection.4.7.3}{Scores de similarit\351 Blosum}{section.4.7}% 42
\BOOKMARK [2][-]{subsection.4.7.4}{Taux d'identit\351 \340 la s\351quence native}{section.4.7}% 43
\BOOKMARK [2][-]{subsection.4.7.5}{Logos des s\351quences obtenues}{section.4.7}% 44
\BOOKMARK [1][-]{section.4.8}{Application: Croissance du noyau hydrophobe}{chapter.4}% 45
\BOOKMARK [1][-]{section.4.9}{Conclusion}{chapter.4}% 46
\BOOKMARK [2][-]{subsection.4.9.1}{mod\350le mis en \234uvre}{section.4.9}% 47
\BOOKMARK [2][-]{subsection.4.9.2}{tests et application}{section.4.9}% 48
\BOOKMARK [0][-]{chapter*.46}{Conclusion}{}% 49
\BOOKMARK [0][-]{section*.52}{Bibliographie}{}% 50
\BOOKMARK [0][-]{resume.0}{Resume}{}% 51
\BOOKMARK [0][-]{abstract.0}{Abstract}{}% 52
