\BOOKMARK [1][-]{section.1}{Les algorithmes}{}% 1
\BOOKMARK [2][-]{subsection.1.1}{Toulbar2}{section.1}% 2
\BOOKMARK [2][-]{subsection.1.2}{l'heuristique}{section.1}% 3
\BOOKMARK [2][-]{subsection.1.3}{Le Monte-Carlo}{section.1}% 4
\BOOKMARK [2][-]{subsection.1.4}{Le Replica Exchange}{section.1}% 5
\BOOKMARK [1][-]{section.2}{Les protocoles}{}% 6
\BOOKMARK [2][-]{subsection.2.1}{Les protocoles Monte-Carlo}{section.2}% 7
\BOOKMARK [2][-]{subsection.2.2}{Les protocoles Replica Exchange}{section.2}% 8
\BOOKMARK [2][-]{subsection.2.3}{Les protocoles Heuristic}{section.2}% 9
\BOOKMARK [2][-]{subsection.2.4}{Les temps de calcul}{section.2}% 10
\BOOKMARK [1][-]{section.3}{Les tests}{}% 11
\BOOKMARK [2][-]{subsection.3.1}{Tous les r\351sidus actif}{section.3}% 12
\BOOKMARK [3][-]{subsubsection.3.1.1}{Les meilleures \351nergies}{subsection.3.1}% 13
\BOOKMARK [2][-]{subsection.3.2}{Avec des r\351sidus gel\351s}{section.3}% 14
\BOOKMARK [3][-]{subsubsection.3.2.1}{S\351quence native}{subsection.3.2}% 15
\BOOKMARK [3][-]{subsubsection.3.2.2}{ Une position active}{subsection.3.2}% 16
\BOOKMARK [3][-]{subsubsection.3.2.3}{ Cinq positions actives}{subsection.3.2}% 17
\BOOKMARK [3][-]{subsubsection.3.2.4}{ Dix positions actives}{subsection.3.2}% 18
\BOOKMARK [3][-]{subsubsection.3.2.5}{ Vingt et trente positions actives}{subsection.3.2}% 19
\BOOKMARK [2][-]{subsection.3.3}{ Etude au voisinnage de GMECs}{section.3}% 20
\BOOKMARK [2][-]{subsection.3.4}{ R\351sultats Superfamily}{section.3}% 21
\BOOKMARK [2][-]{subsection.3.5}{ R\351sultats Heuristic \(protocoles longs\)}{section.3}% 22
\BOOKMARK [2][-]{subsection.3.6}{densit\351 en s\351quences }{section.3}% 23
