BLASTP 2.2.29+


Reference: Stephen F. Altschul, Thomas L. Madden, Alejandro A.
Schaffer, Jinghui Zhang, Zheng Zhang, Webb Miller, and David J.
Lipman (1997), "Gapped BLAST and PSI-BLAST: a new generation of
protein database search programs", Nucleic Acids Res. 25:3389-3402.


Reference for composition-based statistics: Alejandro A. Schaffer,
L. Aravind, Thomas L. Madden, Sergei Shavirin, John L. Spouge, Yuri
I. Wolf, Eugene V. Koonin, and Stephen F. Altschul (2001),
"Improving the accuracy of PSI-BLAST protein database searches with
composition-based statistics and other refinements", Nucleic Acids
Res. 29:2994-3005.



Database: native.fasta
           1 sequences; 97 total letters



Query= 1O4C nativex

Length=104
                                                                      Score     E
Sequences producing significant alignments:                          (Bits)  Value

  2BYG native                                                         11.2    3.6  


> 2BYG native
Length=97

 Score = 11.2 bits (17),  Expect = 3.6, Method: Compositional matrix adjust.
 Identities = 6/16 (38%), Positives = 8/16 (50%), Gaps = 5/16 (31%)

Query  79  NSLQQLVAYYSKHADG  94
           NS+     Y +K  DG
Sbjct  35  NSI-----YVTKIIDG  45



Lambda      K        H        a         alpha
   0.318    0.133    0.394    0.792     4.96 

Gapped
Lambda      K        H        a         alpha    sigma
   0.267   0.0410    0.140     1.90     42.6     43.6 

Effective search space used: 7998


  Database: native.fasta
    Posted date:  Feb 25, 2016  4:19 PM
  Number of letters in database: 97
  Number of sequences in database:  1



Matrix: BLOSUM62
Gap Penalties: Existence: 11, Extension: 1
Neighboring words threshold: 11
Window for multiple hits: 40
