BLASTP 2.2.29+


Reference: Stephen F. Altschul, Thomas L. Madden, Alejandro A.
Schaffer, Jinghui Zhang, Zheng Zhang, Webb Miller, and David J.
Lipman (1997), "Gapped BLAST and PSI-BLAST: a new generation of
protein database search programs", Nucleic Acids Res. 25:3389-3402.


Reference for composition-based statistics: Alejandro A. Schaffer,
L. Aravind, Thomas L. Madden, Sergei Shavirin, John L. Spouge, Yuri
I. Wolf, Eugene V. Koonin, and Stephen F. Altschul (2001),
"Improving the accuracy of PSI-BLAST protein database searches with
composition-based statistics and other refinements", Nucleic Acids
Res. 29:2994-3005.



Database: native.fasta
           1 sequences; 109 total letters



Query= 1ABO native

Length=56
                                                                      Score     E
Sequences producing significant alignments:                          (Bits)  Value

  1A81 native                                                         13.5    0.34 


> 1A81 native
Length=109

 Score = 13.5 bits (23),  Expect = 0.34, Method: Compositional matrix adjust.
 Identities = 5/12 (42%), Positives = 6/12 (50%), Gaps = 0/12 (0%)

Query  13  GDNTLSITKGEK  24
           G   LS+  G K
Sbjct  41  GGFALSVAHGRK  52



Lambda      K        H        a         alpha
   0.315    0.135    0.431    0.792     4.96 

Gapped
Lambda      K        H        a         alpha    sigma
   0.267   0.0410    0.140     1.90     42.6     43.6 

Effective search space used: 4998


  Database: native.fasta
    Posted date:  Feb 25, 2016  4:19 PM
  Number of letters in database: 109
  Number of sequences in database:  1



Matrix: BLOSUM62
Gap Penalties: Existence: 11, Extension: 1
Neighboring words threshold: 11
Window for multiple hits: 40
